TN:
SF:resources\js\admin-app.js
FN:19,(anonymous_0)
FN:20,(anonymous_1)
FNF:2
FNH:0
FNDA:0,(anonymous_0)
FNDA:0,(anonymous_1)
DA:7,0
DA:8,0
DA:9,0
DA:12,0
DA:13,0
DA:14,0
DA:18,0
DA:19,0
DA:21,0
DA:22,0
DA:23,0
DA:24,0
DA:25,0
DA:27,0
DA:32,0
DA:33,0
DA:34,0
DA:38,0
DA:41,0
DA:44,0
DA:47,0
DA:48,0
DA:49,0
LF:23
LH:0
BRDA:13,0,0,0
BRDA:13,0,1,0
BRDA:21,1,0,0
BRDA:21,1,1,0
BRDA:21,2,0,0
BRDA:21,2,1,0
BRDA:33,3,0,0
BRDA:33,3,1,0
BRDA:47,4,0,0
BRDA:47,4,1,0
BRF:10
BRH:0
end_of_record
TN:
SF:resources\js\bootstrap.js
FN:18,(anonymous_0)
FN:22,(anonymous_1)
FN:30,(anonymous_2)
FN:34,(anonymous_3)
FNF:4
FNH:0
FNDA:0,(anonymous_0)
FNDA:0,(anonymous_1)
FNDA:0,(anonymous_2)
FNDA:0,(anonymous_3)
DA:2,0
DA:3,0
DA:6,0
DA:7,0
DA:8,0
DA:10,0
DA:14,0
DA:17,0
DA:19,0
DA:20,0
DA:23,0
DA:24,0
DA:29,0
DA:31,0
DA:32,0
DA:35,0
DA:36,0
LF:17
LH:0
BRDA:7,0,0,0
BRDA:7,0,1,0
BRF:2
BRH:0
end_of_record
TN:
SF:resources\js\client-app.js
FNF:0
FNH:0
DA:1,0
DA:14,0
DA:15,0
DA:16,0
DA:17,0
LF:5
LH:0
BRF:0
BRH:0
end_of_record
TN:
SF:resources\js\routes-admin.js
FN:68,(anonymous_0)
FNF:1
FNH:0
FNDA:0,(anonymous_0)
DA:13,0
DA:62,0
DA:68,0
DA:70,0
DA:71,0
DA:72,0
DA:73,0
DA:74,0
DA:77,0
LF:9
LH:0
BRDA:70,0,0,0
BRDA:70,0,1,0
BRDA:72,1,0,0
BRDA:72,1,1,0
BRF:4
BRH:0
end_of_record
TN:
SF:resources\js\routes-client.js
FN:22,(anonymous_0)
FNF:1
FNH:0
FNDA:0,(anonymous_0)
DA:5,0
DA:19,0
DA:23,0
DA:24,0
DA:25,0
DA:26,0
DA:31,0
LF:7
LH:0
BRDA:23,0,0,0
BRDA:23,0,1,0
BRDA:25,1,0,0
BRDA:25,1,1,0
BRF:4
BRH:0
end_of_record
TN:
SF:resources\js\routes.js
FN:55,(anonymous_0)
FN:74,(anonymous_1)
FNF:2
FNH:0
FNDA:0,(anonymous_0)
FNDA:0,(anonymous_1)
DA:11,0
DA:52,0
DA:56,0
DA:57,0
DA:58,0
DA:59,0
DA:64,0
DA:71,0
DA:74,0
DA:76,0
DA:77,0
DA:79,0
LF:12
LH:0
BRDA:56,0,0,0
BRDA:56,0,1,0
BRDA:58,1,0,0
BRDA:58,1,1,0
BRDA:76,2,0,0
BRDA:76,2,1,0
BRDA:76,3,0,0
BRDA:76,3,1,0
BRF:8
BRH:0
end_of_record
TN:
SF:resources\js\components\App.vue
FN:11,render
FNF:1
FNH:0
FNDA:0,render
DA:4,0
DA:6,0
DA:9,0
DA:10,0
DA:12,0
DA:13,0
DA:14,0
LF:7
LH:0
BRF:0
BRH:0
end_of_record
TN:
SF:resources\js\components\ContactForm.vue
FN:10,(anonymous_0)
FN:24,(anonymous_1)
FN:51,(anonymous_2)
FN:56,(anonymous_3)
FN:60,(anonymous_4)
FN:67,(anonymous_5)
FN:80,(anonymous_6)
FN:138,render
FN:140,(anonymous_8)
FN:146,(anonymous_9)
FN:155,(anonymous_10)
FN:161,(anonymous_11)
FN:169,(anonymous_12)
FN:175,(anonymous_13)
FN:183,(anonymous_14)
FN:189,(anonymous_15)
FN:196,(anonymous_16)
FN:203,(anonymous_17)
FNF:18
FNH:16
FNDA:7,(anonymous_0)
FNDA:6,(anonymous_1)
FNDA:17,(anonymous_2)
FNDA:4,(anonymous_3)
FNDA:6,(anonymous_4)
FNDA:2,(anonymous_5)
FNDA:0,(anonymous_6)
FNDA:32,render
FNDA:0,(anonymous_8)
FNDA:6,(anonymous_9)
FNDA:5,(anonymous_10)
FNDA:5,(anonymous_11)
FNDA:4,(anonymous_12)
FNDA:4,(anonymous_13)
FNDA:4,(anonymous_14)
FNDA:4,(anonymous_15)
FNDA:4,(anonymous_16)
FNDA:4,(anonymous_17)
DA:4,1
DA:7,1
DA:8,1
DA:11,7
DA:25,6
DA:26,6
DA:27,6
DA:28,2
DA:29,2
DA:31,6
DA:32,2
DA:33,2
DA:34,4
DA:35,1
DA:36,1
DA:38,6
DA:39,2
DA:40,2
DA:42,6
DA:43,2
DA:44,2
DA:45,4
DA:46,1
DA:47,1
DA:49,6
DA:52,17
DA:53,1
DA:57,4
DA:58,4
DA:61,6
DA:62,4
DA:64,2
DA:65,2
DA:67,2
DA:72,2
DA:73,2
DA:75,0
DA:76,0
DA:77,0
DA:81,0
DA:87,0
DA:88,0
DA:92,1
DA:94,1
DA:97,1
DA:98,1
DA:99,1
DA:102,1
DA:106,1
DA:109,1
DA:113,1
DA:116,1
DA:120,1
DA:123,1
DA:127,1
DA:130,1
DA:134,1
DA:137,1
DA:139,32
DA:141,0
DA:147,6
DA:156,5
DA:162,5
DA:170,4
DA:176,4
DA:184,4
DA:190,4
DA:197,4
DA:204,4
DA:211,1
LF:70
LH:63
BRDA:27,0,0,2
BRDA:27,0,1,4
BRDA:31,1,0,2
BRDA:31,1,1,4
BRDA:34,2,0,1
BRDA:34,2,1,3
BRDA:38,3,0,2
BRDA:38,3,1,4
BRDA:42,4,0,2
BRDA:42,4,1,4
BRDA:45,5,0,1
BRDA:45,5,1,3
BRDA:52,6,0,1
BRDA:52,6,1,16
BRDA:61,7,0,4
BRDA:61,7,1,2
BRDA:139,8,0,2
BRDA:139,8,1,30
BRDA:139,9,0,2
BRDA:139,9,1,2
BRDA:139,10,0,2
BRDA:139,10,1,2
BRDA:140,11,0,2
BRDA:140,11,1,2
BRDA:141,12,0,0
BRDA:141,12,1,0
BRDA:146,13,0,30
BRDA:146,13,1,7
BRDA:147,14,0,6
BRDA:147,14,1,6
BRDA:150,15,0,30
BRDA:150,15,1,7
BRDA:150,16,0,30
BRDA:150,16,1,7
BRDA:155,17,0,30
BRDA:155,17,1,7
BRDA:161,18,0,30
BRDA:161,18,1,7
BRDA:164,19,0,2
BRDA:164,19,1,28
BRDA:164,20,0,30
BRDA:164,20,1,7
BRDA:169,21,0,30
BRDA:169,21,1,7
BRDA:175,22,0,30
BRDA:175,22,1,7
BRDA:178,23,0,4
BRDA:178,23,1,26
BRDA:178,24,0,30
BRDA:178,24,1,7
BRDA:183,25,0,30
BRDA:183,25,1,7
BRDA:189,26,0,30
BRDA:189,26,1,7
BRDA:192,27,0,3
BRDA:192,27,1,27
BRDA:192,28,0,30
BRDA:192,28,1,7
BRDA:196,29,0,30
BRDA:196,29,1,7
BRDA:203,30,0,30
BRDA:203,30,1,7
BRDA:206,31,0,4
BRDA:206,31,1,26
BRDA:210,32,0,2
BRDA:210,32,1,28
BRF:66
BRH:64
end_of_record
TN:
SF:resources\js\components\Home.vue
FN:3,(anonymous_0)
FN:40,render
FN:56,(anonymous_2)
FNF:3
FNH:0
FNDA:0,(anonymous_0)
FNDA:0,render
FNDA:0,(anonymous_2)
DA:6,0
DA:10,0
DA:11,0
DA:15,0
DA:20,0
DA:23,0
DA:24,0
DA:25,0
DA:28,0
DA:31,0
DA:34,0
DA:37,0
DA:41,0
DA:42,0
DA:57,0
DA:63,0
LF:16
LH:0
BRDA:42,0,0,0
BRDA:42,0,1,0
BRDA:50,1,0,0
BRDA:50,1,1,0
BRDA:57,2,0,0
BRDA:57,2,1,0
BRF:6
BRH:0
end_of_record
TN:
SF:resources\js\components\ProductCard.vue
FN:17,(anonymous_0)
FN:20,(anonymous_1)
FN:51,render
FN:57,(anonymous_3)
FNF:4
FNH:4
FNDA:4,(anonymous_0)
FNDA:1,(anonymous_1)
FNDA:4,render
FNDA:1,(anonymous_3)
DA:4,1
DA:7,1
DA:8,1
DA:18,4
DA:21,1
DA:22,1
DA:27,1
DA:29,1
DA:32,1
DA:33,1
DA:34,1
DA:37,1
DA:38,1
DA:41,1
DA:44,1
DA:47,1
DA:50,1
DA:52,4
DA:58,1
DA:63,1
LF:20
LH:20
BRDA:21,0,0,1
BRDA:21,0,1,0
BRDA:57,1,0,4
BRDA:57,1,1,4
BRDA:58,2,0,1
BRDA:58,2,1,1
BRDA:62,3,0,3
BRDA:62,3,1,1
BRF:8
BRH:7
end_of_record
TN:
SF:resources\js\components\admin\AdminApp.vue
FN:11,render
FN:14,(anonymous_1)
FN:20,(anonymous_2)
FNF:3
FNH:0
FNDA:0,render
FNDA:0,(anonymous_1)
FNDA:0,(anonymous_2)
DA:4,0
DA:6,0
DA:9,0
DA:10,0
DA:12,0
DA:13,0
DA:15,0
DA:16,0
DA:21,0
DA:28,0
LF:10
LH:0
BRF:0
BRH:0
end_of_record
TN:
SF:resources\js\components\admin\AdminCategories.vue
FN:4,(anonymous_0)
FN:21,(anonymous_1)
FN:33,(anonymous_2)
FN:69,(anonymous_3)
FN:75,(anonymous_4)
FN:78,(anonymous_5)
FN:84,(anonymous_6)
FN:91,(anonymous_7)
FN:123,(anonymous_8)
FN:150,_toConsumableArray
FN:151,_nonIterableSpread
FN:152,_unsupportedIterableToArray
FN:153,_iterableToArray
FN:154,_arrayWithoutHoles
FN:155,_arrayLikeToArray
FN:263,render
FN:283,(anonymous_16)
FN:287,onClick
FN:294,onClick
FN:303,(anonymous_19)
FN:313,(anonymous_20)
FN:325,(anonymous_21)
FN:348,(anonymous_22)
FNF:23
FNH:0
FNDA:0,(anonymous_0)
FNDA:0,(anonymous_1)
FNDA:0,(anonymous_2)
FNDA:0,(anonymous_3)
FNDA:0,(anonymous_4)
FNDA:0,(anonymous_5)
FNDA:0,(anonymous_6)
FNDA:0,(anonymous_7)
FNDA:0,(anonymous_8)
FNDA:0,_toConsumableArray
FNDA:0,_nonIterableSpread
FNDA:0,_unsupportedIterableToArray
FNDA:0,_iterableToArray
FNDA:0,_arrayWithoutHoles
FNDA:0,_arrayLikeToArray
FNDA:0,render
FNDA:0,(anonymous_16)
FNDA:0,onClick
FNDA:0,onClick
FNDA:0,(anonymous_19)
FNDA:0,(anonymous_20)
FNDA:0,(anonymous_21)
FNDA:0,(anonymous_22)
DA:5,0
DA:6,0
DA:7,0
DA:8,0
DA:9,0
DA:10,0
DA:11,0
DA:16,0
DA:21,0
DA:22,0
DA:23,0
DA:24,0
DA:25,0
DA:27,0
DA:28,0
DA:30,0
DA:33,0
DA:34,0
DA:35,0
DA:36,0
DA:37,0
DA:38,0
DA:40,0
DA:41,0
DA:42,0
DA:44,0
DA:45,0
DA:49,0
DA:52,0
DA:54,0
DA:55,0
DA:56,0
DA:57,0
DA:59,0
DA:60,0
DA:63,0
DA:66,0
DA:69,0
DA:70,0
DA:71,0
DA:72,0
DA:73,0
DA:75,0
DA:76,0
DA:78,0
DA:79,0
DA:80,0
DA:81,0
DA:82,0
DA:84,0
DA:85,0
DA:88,0
DA:89,0
DA:91,0
DA:92,0
DA:93,0
DA:94,0
DA:95,0
DA:98,0
DA:99,0
DA:100,0
DA:103,0
DA:106,0
DA:108,0
DA:111,0
DA:112,0
DA:113,0
DA:114,0
DA:115,0
DA:117,0
DA:120,0
DA:123,0
DA:124,0
DA:126,0
DA:143,0
DA:145,0
DA:148,0
DA:149,0
DA:150,0
DA:151,0
DA:152,0
DA:153,0
DA:154,0
DA:155,0
DA:156,0
DA:159,0
DA:162,0
DA:165,0
DA:168,0
DA:171,0
DA:175,0
DA:179,0
DA:183,0
DA:186,0
DA:190,0
DA:191,0
DA:192,0
DA:195,0
DA:198,0
DA:201,0
DA:204,0
DA:207,0
DA:212,0
DA:217,0
DA:220,0
DA:224,0
DA:227,0
DA:228,0
DA:234,0
DA:240,0
DA:243,0
DA:246,0
DA:249,0
DA:253,0
DA:256,0
DA:257,0
DA:264,0
DA:284,0
DA:288,0
DA:295,0
DA:304,0
DA:314,0
DA:326,0
DA:349,0
DA:353,0
LF:125
LH:0
BRDA:40,0,0,0
BRDA:40,0,1,0
BRDA:55,1,0,0
BRDA:55,1,1,0
BRDA:55,2,0,0
BRDA:55,2,1,0
BRDA:56,3,0,0
BRDA:56,3,1,0
BRDA:59,4,0,0
BRDA:59,4,1,0
BRDA:72,5,0,0
BRDA:72,5,1,0
BRDA:100,6,0,0
BRDA:100,6,1,0
BRDA:103,7,0,0
BRDA:103,7,1,0
BRDA:113,8,0,0
BRDA:113,8,1,0
BRDA:114,9,0,0
BRDA:114,9,1,0
BRDA:114,10,0,0
BRDA:114,10,1,0
BRDA:114,10,2,0
BRDA:150,11,0,0
BRDA:150,11,1,0
BRDA:150,11,2,0
BRDA:150,11,3,0
BRDA:152,12,0,0
BRDA:152,12,1,0
BRDA:152,13,0,0
BRDA:152,13,1,0
BRDA:152,14,0,0
BRDA:152,14,1,0
BRDA:152,14,2,0
BRDA:152,15,0,0
BRDA:152,15,1,0
BRDA:152,16,0,0
BRDA:152,16,1,0
BRDA:152,17,0,0
BRDA:152,17,1,0
BRDA:152,18,0,0
BRDA:152,18,1,0
BRDA:153,19,0,0
BRDA:153,19,1,0
BRDA:153,20,0,0
BRDA:153,20,1,0
BRDA:153,20,2,0
BRDA:154,21,0,0
BRDA:154,21,1,0
BRDA:155,22,0,0
BRDA:155,22,1,0
BRDA:155,22,2,0
BRDA:264,23,0,0
BRDA:264,23,1,0
BRDA:272,24,0,0
BRDA:272,24,1,0
BRDA:276,25,0,0
BRDA:276,25,1,0
BRDA:276,26,0,0
BRDA:276,26,1,0
BRDA:281,27,0,0
BRDA:281,27,1,0
BRDA:281,28,0,0
BRDA:281,28,1,0
BRDA:283,29,0,0
BRDA:283,29,1,0
BRDA:286,30,0,0
BRDA:286,30,1,0
BRDA:291,31,0,0
BRDA:291,31,1,0
BRDA:299,32,0,0
BRDA:299,32,1,0
BRDA:302,33,0,0
BRDA:302,33,1,0
BRDA:302,34,0,0
BRDA:302,34,1,0
BRDA:302,35,0,0
BRDA:302,35,1,0
BRDA:303,36,0,0
BRDA:303,36,1,0
BRDA:304,37,0,0
BRDA:304,37,1,0
BRDA:306,38,0,0
BRDA:306,38,1,0
BRDA:313,39,0,0
BRDA:313,39,1,0
BRDA:317,40,0,0
BRDA:317,40,1,0
BRDA:321,41,0,0
BRDA:321,41,1,0
BRDA:321,42,0,0
BRDA:321,42,1,0
BRDA:321,43,0,0
BRDA:321,43,1,0
BRDA:325,44,0,0
BRDA:325,44,1,0
BRDA:326,45,0,0
BRDA:326,45,1,0
BRDA:328,46,0,0
BRDA:328,46,1,0
BRDA:337,47,0,0
BRDA:337,47,1,0
BRDA:337,48,0,0
BRDA:337,48,1,0
BRDA:337,49,0,0
BRDA:337,49,1,0
BRDA:339,50,0,0
BRDA:339,50,1,0
BRDA:339,51,0,0
BRDA:339,51,1,0
BRDA:341,52,0,0
BRDA:341,52,1,0
BRDA:348,53,0,0
BRDA:348,53,1,0
BRDA:349,54,0,0
BRDA:349,54,1,0
BRDA:351,55,0,0
BRDA:351,55,1,0
BRDA:352,56,0,0
BRDA:352,56,1,0
BRDA:352,57,0,0
BRDA:352,57,1,0
BRF:122
BRH:0
end_of_record
TN:
SF:resources\js\components\admin\AdminUsers.vue
FN:4,(anonymous_0)
FN:22,(anonymous_1)
FN:34,(anonymous_2)
FN:67,(anonymous_3)
FN:74,(anonymous_4)
FN:105,(anonymous_5)
FN:116,(anonymous_6)
FN:142,_toConsumableArray
FN:143,_nonIterableSpread
FN:144,_unsupportedIterableToArray
FN:145,_iterableToArray
FN:146,_arrayWithoutHoles
FN:147,_arrayLikeToArray
FN:260,render
FN:280,(anonymous_14)
FN:285,onClick
FN:299,(anonymous_16)
FN:309,(anonymous_17)
FN:320,(anonymous_18)
FN:331,(anonymous_19)
FN:342,(anonymous_20)
FN:368,(anonymous_21)
FNF:22
FNH:0
FNDA:0,(anonymous_0)
FNDA:0,(anonymous_1)
FNDA:0,(anonymous_2)
FNDA:0,(anonymous_3)
FNDA:0,(anonymous_4)
FNDA:0,(anonymous_5)
FNDA:0,(anonymous_6)
FNDA:0,_toConsumableArray
FNDA:0,_nonIterableSpread
FNDA:0,_unsupportedIterableToArray
FNDA:0,_iterableToArray
FNDA:0,_arrayWithoutHoles
FNDA:0,_arrayLikeToArray
FNDA:0,render
FNDA:0,(anonymous_14)
FNDA:0,onClick
FNDA:0,(anonymous_16)
FNDA:0,(anonymous_17)
FNDA:0,(anonymous_18)
FNDA:0,(anonymous_19)
FNDA:0,(anonymous_20)
FNDA:0,(anonymous_21)
DA:5,0
DA:6,0
DA:7,0
DA:8,0
DA:9,0
DA:10,0
DA:11,0
DA:17,0
DA:22,0
DA:23,0
DA:24,0
DA:25,0
DA:26,0
DA:28,0
DA:29,0
DA:31,0
DA:34,0
DA:35,0
DA:36,0
DA:37,0
DA:38,0
DA:39,0
DA:40,0
DA:41,0
DA:44,0
DA:45,0
DA:46,0
DA:47,0
DA:50,0
DA:52,0
DA:53,0
DA:54,0
DA:55,0
DA:57,0
DA:58,0
DA:61,0
DA:64,0
DA:67,0
DA:68,0
DA:71,0
DA:72,0
DA:74,0
DA:75,0
DA:76,0
DA:77,0
DA:80,0
DA:81,0
DA:82,0
DA:85,0
DA:88,0
DA:90,0
DA:91,0
DA:92,0
DA:94,0
DA:98,0
DA:99,0
DA:100,0
DA:102,0
DA:105,0
DA:106,0
DA:107,0
DA:108,0
DA:109,0
DA:110,0
DA:112,0
DA:116,0
DA:117,0
DA:118,0
DA:120,0
DA:135,0
DA:137,0
DA:140,0
DA:141,0
DA:142,0
DA:143,0
DA:144,0
DA:145,0
DA:146,0
DA:147,0
DA:148,0
DA:151,0
DA:154,0
DA:157,0
DA:160,0
DA:163,0
DA:167,0
DA:171,0
DA:175,0
DA:178,0
DA:181,0
DA:182,0
DA:185,0
DA:188,0
DA:191,0
DA:196,0
DA:201,0
DA:204,0
DA:208,0
DA:211,0
DA:215,0
DA:218,0
DA:222,0
DA:225,0
DA:228,0
DA:229,0
DA:235,0
DA:241,0
DA:244,0
DA:247,0
DA:250,0
DA:253,0
DA:254,0
DA:261,0
DA:281,0
DA:286,0
DA:300,0
DA:310,0
DA:321,0
DA:332,0
DA:343,0
DA:369,0
DA:373,0
LF:122
LH:0
BRDA:53,0,0,0
BRDA:53,0,1,0
BRDA:53,1,0,0
BRDA:53,1,1,0
BRDA:54,2,0,0
BRDA:54,2,1,0
BRDA:57,3,0,0
BRDA:57,3,1,0
BRDA:91,4,0,0
BRDA:91,4,1,0
BRDA:91,5,0,0
BRDA:91,5,1,0
BRDA:91,5,2,0
BRDA:107,6,0,0
BRDA:107,6,1,0
BRDA:142,7,0,0
BRDA:142,7,1,0
BRDA:142,7,2,0
BRDA:142,7,3,0
BRDA:144,8,0,0
BRDA:144,8,1,0
BRDA:144,9,0,0
BRDA:144,9,1,0
BRDA:144,10,0,0
BRDA:144,10,1,0
BRDA:144,10,2,0
BRDA:144,11,0,0
BRDA:144,11,1,0
BRDA:144,12,0,0
BRDA:144,12,1,0
BRDA:144,13,0,0
BRDA:144,13,1,0
BRDA:144,14,0,0
BRDA:144,14,1,0
BRDA:145,15,0,0
BRDA:145,15,1,0
BRDA:145,16,0,0
BRDA:145,16,1,0
BRDA:145,16,2,0
BRDA:146,17,0,0
BRDA:146,17,1,0
BRDA:147,18,0,0
BRDA:147,18,1,0
BRDA:147,18,2,0
BRDA:261,19,0,0
BRDA:261,19,1,0
BRDA:269,20,0,0
BRDA:269,20,1,0
BRDA:273,21,0,0
BRDA:273,21,1,0
BRDA:273,22,0,0
BRDA:273,22,1,0
BRDA:278,23,0,0
BRDA:278,23,1,0
BRDA:278,24,0,0
BRDA:278,24,1,0
BRDA:290,25,0,0
BRDA:290,25,1,0
BRDA:291,26,0,0
BRDA:291,26,1,0
BRDA:294,27,0,0
BRDA:294,27,1,0
BRDA:298,28,0,0
BRDA:298,28,1,0
BRDA:298,29,0,0
BRDA:298,29,1,0
BRDA:299,30,0,0
BRDA:299,30,1,0
BRDA:300,31,0,0
BRDA:300,31,1,0
BRDA:302,32,0,0
BRDA:302,32,1,0
BRDA:309,33,0,0
BRDA:309,33,1,0
BRDA:313,34,0,0
BRDA:313,34,1,0
BRDA:313,35,0,0
BRDA:313,35,1,0
BRDA:320,36,0,0
BRDA:320,36,1,0
BRDA:324,37,0,0
BRDA:324,37,1,0
BRDA:324,38,0,0
BRDA:324,38,1,0
BRDA:331,39,0,0
BRDA:331,39,1,0
BRDA:335,40,0,0
BRDA:335,40,1,0
BRDA:335,41,0,0
BRDA:335,41,1,0
BRDA:342,42,0,0
BRDA:342,42,1,0
BRDA:350,43,0,0
BRDA:350,43,1,0
BRDA:350,44,0,0
BRDA:350,44,1,0
BRDA:350,45,0,0
BRDA:350,45,1,0
BRDA:359,46,0,0
BRDA:359,46,1,0
BRDA:359,47,0,0
BRDA:359,47,1,0
BRDA:359,48,0,0
BRDA:359,48,1,0
BRDA:361,49,0,0
BRDA:361,49,1,0
BRDA:368,50,0,0
BRDA:368,50,1,0
BRDA:369,51,0,0
BRDA:369,51,1,0
BRDA:372,52,0,0
BRDA:372,52,1,0
BRDA:372,53,0,0
BRDA:372,53,1,0
BRF:114
BRH:0
end_of_record
TN:
SF:resources\js\components\admin\Dashboard.vue
FN:5,(anonymous_0)
FN:8,(anonymous_1)
FN:19,(anonymous_2)
FN:36,(anonymous_3)
FN:110,render
FN:135,(anonymous_5)
FN:148,(anonymous_6)
FN:161,(anonymous_7)
FN:174,(anonymous_8)
FN:191,(anonymous_9)
FNF:10
FNH:0
FNDA:0,(anonymous_0)
FNDA:0,(anonymous_1)
FNDA:0,(anonymous_2)
FNDA:0,(anonymous_3)
FNDA:0,render
FNDA:0,(anonymous_5)
FNDA:0,(anonymous_6)
FNDA:0,(anonymous_7)
FNDA:0,(anonymous_8)
FNDA:0,(anonymous_9)
DA:6,0
DA:7,0
DA:8,0
DA:9,0
DA:10,0
DA:11,0
DA:12,0
DA:14,0
DA:15,0
DA:19,0
DA:20,0
DA:21,0
DA:23,0
DA:26,0
DA:27,0
DA:28,0
DA:31,0
DA:36,0
DA:37,0
DA:40,0
DA:41,0
DA:42,0
DA:43,0
DA:44,0
DA:45,0
DA:46,0
DA:49,0
DA:55,0
DA:57,0
DA:60,0
DA:61,0
DA:62,0
DA:65,0
DA:68,0
DA:71,0
DA:75,0
DA:78,0
DA:81,0
DA:84,0
DA:87,0
DA:90,0
DA:93,0
DA:96,0
DA:103,0
DA:107,0
DA:111,0
DA:112,0
DA:113,0
DA:136,0
DA:149,0
DA:162,0
DA:175,0
DA:192,0
DA:197,0
LF:54
LH:0
BRDA:10,0,0,0
BRDA:10,0,1,0
BRDA:40,1,0,0
BRDA:40,1,1,0
BRDA:113,2,0,0
BRDA:113,2,1,0
BRDA:118,3,0,0
BRDA:118,3,1,0
BRDA:136,4,0,0
BRDA:136,4,1,0
BRDA:149,5,0,0
BRDA:149,5,1,0
BRDA:162,6,0,0
BRDA:162,6,1,0
BRDA:175,7,0,0
BRDA:175,7,1,0
BRDA:180,8,0,0
BRDA:180,8,1,0
BRDA:182,9,0,0
BRDA:182,9,1,0
BRDA:182,10,0,0
BRDA:182,10,1,0
BRDA:187,11,0,0
BRDA:187,11,1,0
BRDA:191,12,0,0
BRDA:191,12,1,0
BRDA:192,13,0,0
BRDA:192,13,1,0
BRDA:194,14,0,0
BRDA:194,14,1,0
BRF:30
BRH:0
end_of_record
TN:
SF:resources\js\components\admin\DashboardHome.vue
FN:4,(anonymous_0)
FN:18,(anonymous_1)
FN:36,(anonymous_2)
FN:43,(anonymous_3)
FN:43,(anonymous_4)
FN:59,(anonymous_5)
FN:69,(anonymous_6)
FN:103,(anonymous_7)
FN:121,(anonymous_8)
FN:126,(anonymous_9)
FN:129,(anonymous_10)
FN:134,(anonymous_11)
FN:150,(anonymous_12)
FN:165,(anonymous_13)
FN:202,_toConsumableArray
FN:203,_nonIterableSpread
FN:204,_unsupportedIterableToArray
FN:205,_iterableToArray
FN:206,_arrayWithoutHoles
FN:207,_arrayLikeToArray
FN:344,render
FN:366,(anonymous_21)
FN:384,(anonymous_22)
FN:415,(anonymous_23)
FN:432,(anonymous_24)
FN:445,(anonymous_25)
FN:457,(anonymous_26)
FN:479,(anonymous_27)
FNF:28
FNH:0
FNDA:0,(anonymous_0)
FNDA:0,(anonymous_1)
FNDA:0,(anonymous_2)
FNDA:0,(anonymous_3)
FNDA:0,(anonymous_4)
FNDA:0,(anonymous_5)
FNDA:0,(anonymous_6)
FNDA:0,(anonymous_7)
FNDA:0,(anonymous_8)
FNDA:0,(anonymous_9)
FNDA:0,(anonymous_10)
FNDA:0,(anonymous_11)
FNDA:0,(anonymous_12)
FNDA:0,(anonymous_13)
FNDA:0,_toConsumableArray
FNDA:0,_nonIterableSpread
FNDA:0,_unsupportedIterableToArray
FNDA:0,_iterableToArray
FNDA:0,_arrayWithoutHoles
FNDA:0,_arrayLikeToArray
FNDA:0,render
FNDA:0,(anonymous_21)
FNDA:0,(anonymous_22)
FNDA:0,(anonymous_23)
FNDA:0,(anonymous_24)
FNDA:0,(anonymous_25)
FNDA:0,(anonymous_26)
FNDA:0,(anonymous_27)
DA:5,0
DA:11,0
DA:12,0
DA:13,0
DA:18,0
DA:19,0
DA:20,0
DA:23,0
DA:24,0
DA:26,0
DA:28,0
DA:29,0
DA:30,0
DA:31,0
DA:33,0
DA:36,0
DA:37,0
DA:38,0
DA:39,0
DA:42,0
DA:43,0
DA:50,0
DA:53,0
DA:54,0
DA:56,0
DA:59,0
DA:60,0
DA:61,0
DA:64,0
DA:67,0
DA:69,0
DA:72,0
DA:75,0
DA:77,0
DA:78,0
DA:97,0
DA:100,0
DA:103,0
DA:104,0
DA:105,0
DA:106,0
DA:108,0
DA:111,0
DA:112,0
DA:113,0
DA:117,0
DA:118,0
DA:119,0
DA:121,0
DA:122,0
DA:124,0
DA:126,0
DA:127,0
DA:129,0
DA:130,0
DA:131,0
DA:132,0
DA:134,0
DA:135,0
DA:136,0
DA:137,0
DA:139,0
DA:141,0
DA:143,0
DA:145,0
DA:147,0
DA:150,0
DA:151,0
DA:152,0
DA:154,0
DA:156,0
DA:158,0
DA:160,0
DA:162,0
DA:165,0
DA:166,0
DA:167,0
DA:168,0
DA:169,0
DA:171,0
DA:173,0
DA:174,0
DA:175,0
DA:176,0
DA:177,0
DA:178,0
DA:181,0
DA:195,0
DA:197,0
DA:200,0
DA:201,0
DA:202,0
DA:203,0
DA:204,0
DA:205,0
DA:206,0
DA:207,0
DA:208,0
DA:211,0
DA:214,0
DA:217,0
DA:220,0
DA:223,0
DA:226,0
DA:229,0
DA:232,0
DA:235,0
DA:238,0
DA:241,0
DA:244,0
DA:247,0
DA:250,0
DA:253,0
DA:256,0
DA:259,0
DA:262,0
DA:265,0
DA:268,0
DA:271,0
DA:274,0
DA:277,0
DA:280,0
DA:283,0
DA:286,0
DA:289,0
DA:292,0
DA:295,0
DA:299,0
DA:303,0
DA:307,0
DA:310,0
DA:311,0
DA:314,0
DA:317,0
DA:320,0
DA:323,0
DA:326,0
DA:330,0
DA:334,0
DA:338,0
DA:341,0
DA:345,0
DA:346,0
DA:367,0
DA:385,0
DA:416,0
DA:433,0
DA:446,0
DA:458,0
DA:481,0
DA:488,0
LF:151
LH:0
BRDA:42,0,0,0
BRDA:42,0,1,0
BRDA:42,1,0,0
BRDA:42,1,1,0
BRDA:43,2,0,0
BRDA:43,2,1,0
BRDA:45,3,0,0
BRDA:45,3,1,0
BRDA:46,4,0,0
BRDA:46,4,1,0
BRDA:47,5,0,0
BRDA:47,5,1,0
BRDA:67,6,0,0
BRDA:67,6,1,0
BRDA:67,7,0,0
BRDA:67,7,1,0
BRDA:67,7,2,0
BRDA:69,8,0,0
BRDA:69,8,1,0
BRDA:69,8,2,0
BRDA:77,9,0,0
BRDA:77,9,1,0
BRDA:104,10,0,0
BRDA:104,10,1,0
BRDA:111,11,0,0
BRDA:111,11,1,0
BRDA:130,12,0,0
BRDA:130,12,1,0
BRDA:136,13,0,0
BRDA:136,13,1,0
BRDA:137,14,0,0
BRDA:137,14,1,0
BRDA:137,14,2,0
BRDA:137,14,3,0
BRDA:137,14,4,0
BRDA:151,15,0,0
BRDA:151,15,1,0
BRDA:152,16,0,0
BRDA:152,16,1,0
BRDA:152,16,2,0
BRDA:152,16,3,0
BRDA:152,16,4,0
BRDA:202,17,0,0
BRDA:202,17,1,0
BRDA:202,17,2,0
BRDA:202,17,3,0
BRDA:204,18,0,0
BRDA:204,18,1,0
BRDA:204,19,0,0
BRDA:204,19,1,0
BRDA:204,20,0,0
BRDA:204,20,1,0
BRDA:204,20,2,0
BRDA:204,21,0,0
BRDA:204,21,1,0
BRDA:204,22,0,0
BRDA:204,22,1,0
BRDA:204,23,0,0
BRDA:204,23,1,0
BRDA:204,24,0,0
BRDA:204,24,1,0
BRDA:205,25,0,0
BRDA:205,25,1,0
BRDA:205,26,0,0
BRDA:205,26,1,0
BRDA:205,26,2,0
BRDA:206,27,0,0
BRDA:206,27,1,0
BRDA:207,28,0,0
BRDA:207,28,1,0
BRDA:207,28,2,0
BRDA:346,29,0,0
BRDA:346,29,1,0
BRDA:354,30,0,0
BRDA:354,30,1,0
BRDA:356,31,0,0
BRDA:356,31,1,0
BRDA:367,32,0,0
BRDA:367,32,1,0
BRDA:372,33,0,0
BRDA:372,33,1,0
BRDA:374,34,0,0
BRDA:374,34,1,0
BRDA:385,35,0,0
BRDA:385,35,1,0
BRDA:390,36,0,0
BRDA:390,36,1,0
BRDA:392,37,0,0
BRDA:392,37,1,0
BRDA:396,38,0,0
BRDA:396,38,1,0
BRDA:400,39,0,0
BRDA:400,39,1,0
BRDA:402,40,0,0
BRDA:402,40,1,0
BRDA:416,41,0,0
BRDA:416,41,1,0
BRDA:421,42,0,0
BRDA:421,42,1,0
BRDA:425,43,0,0
BRDA:425,43,1,0
BRDA:425,44,0,0
BRDA:425,44,1,0
BRDA:430,45,0,0
BRDA:430,45,1,0
BRDA:430,46,0,0
BRDA:430,46,1,0
BRDA:437,47,0,0
BRDA:437,47,1,0
BRDA:437,48,0,0
BRDA:437,48,1,0
BRDA:445,49,0,0
BRDA:445,49,1,0
BRDA:446,50,0,0
BRDA:446,50,1,0
BRDA:448,51,0,0
BRDA:448,51,1,0
BRDA:448,52,0,0
BRDA:448,52,1,0
BRDA:448,53,0,0
BRDA:448,53,1,0
BRDA:448,54,0,0
BRDA:448,54,1,0
BRDA:448,55,0,0
BRDA:448,55,1,0
BRDA:448,56,0,0
BRDA:448,56,1,0
BRDA:452,57,0,0
BRDA:452,57,1,0
BRDA:452,58,0,0
BRDA:452,58,1,0
BRDA:458,59,0,0
BRDA:458,59,1,0
BRDA:464,60,0,0
BRDA:464,60,1,0
BRDA:468,61,0,0
BRDA:468,61,1,0
BRDA:468,62,0,0
BRDA:468,62,1,0
BRDA:473,63,0,0
BRDA:473,63,1,0
BRDA:473,64,0,0
BRDA:473,64,1,0
BRDA:484,65,0,0
BRDA:484,65,1,0
BRDA:484,66,0,0
BRDA:484,66,1,0
BRDA:484,67,0,0
BRDA:484,67,1,0
BRDA:484,68,0,0
BRDA:484,68,1,0
BRDA:484,69,0,0
BRDA:484,69,1,0
BRDA:484,70,0,0
BRDA:484,70,1,0
BRDA:484,71,0,0
BRDA:484,71,1,0
BRDA:484,72,0,0
BRDA:484,72,1,0
BRDA:484,72,2,0
BRDA:484,72,3,0
BRDA:485,73,0,0
BRDA:485,73,1,0
BRDA:485,74,0,0
BRDA:485,74,1,0
BRDA:486,75,0,0
BRDA:486,75,1,0
BRDA:486,76,0,0
BRDA:486,76,1,0
BRF:169
BRH:0
end_of_record
TN:
SF:resources\js\components\admin\Login.vue
FN:5,(anonymous_0)
FN:13,(anonymous_1)
FN:45,(anonymous_2)
FN:113,render
FN:119,(anonymous_4)
FN:133,(anonymous_5)
FN:149,(anonymous_6)
FN:157,(anonymous_7)
FN:166,(anonymous_8)
FNF:9
FNH:0
FNDA:0,(anonymous_0)
FNDA:0,(anonymous_1)
FNDA:0,(anonymous_2)
FNDA:0,render
FNDA:0,(anonymous_4)
FNDA:0,(anonymous_5)
FNDA:0,(anonymous_6)
FNDA:0,(anonymous_7)
FNDA:0,(anonymous_8)
DA:6,0
DA:7,0
DA:8,0
DA:9,0
DA:10,0
DA:11,0
DA:12,0
DA:13,0
DA:14,0
DA:15,0
DA:16,0
DA:17,0
DA:24,0
DA:25,0
DA:28,0
DA:31,0
DA:35,0
DA:36,0
DA:37,0
DA:39,0
DA:42,0
DA:45,0
DA:46,0
DA:48,0
DA:60,0
DA:62,0
DA:65,0
DA:66,0
DA:67,0
DA:70,0
DA:73,0
DA:76,0
DA:79,0
DA:82,0
DA:87,0
DA:90,0
DA:93,0
DA:96,0
DA:99,0
DA:100,0
DA:103,0
DA:106,0
DA:107,0
DA:114,0
DA:120,0
DA:134,0
DA:150,0
DA:158,0
DA:167,0
DA:184,0
LF:50
LH:0
BRDA:36,0,0,0
BRDA:36,0,1,0
BRDA:36,1,0,0
BRDA:36,1,1,0
BRDA:36,1,2,0
BRDA:114,2,0,0
BRDA:114,2,1,0
BRDA:118,3,0,0
BRDA:118,3,1,0
BRDA:119,4,0,0
BRDA:119,4,1,0
BRDA:120,5,0,0
BRDA:120,5,1,0
BRDA:122,6,0,0
BRDA:122,6,1,0
BRDA:125,7,0,0
BRDA:125,7,1,0
BRDA:133,8,0,0
BRDA:133,8,1,0
BRDA:138,9,0,0
BRDA:138,9,1,0
BRDA:141,10,0,0
BRDA:141,10,1,0
BRDA:146,11,0,0
BRDA:146,11,1,0
BRDA:149,12,0,0
BRDA:149,12,1,0
BRDA:157,13,0,0
BRDA:157,13,1,0
BRDA:158,14,0,0
BRDA:158,14,1,0
BRDA:161,15,0,0
BRDA:161,15,1,0
BRDA:166,16,0,0
BRDA:166,16,1,0
BRDA:169,17,0,0
BRDA:169,17,1,0
BRDA:176,18,0,0
BRDA:176,18,1,0
BRDA:176,19,0,0
BRDA:176,19,1,0
BRDA:176,20,0,0
BRDA:176,20,1,0
BRF:43
BRH:0
end_of_record
TN:
SF:resources\js\components\blog\Crear.vue
FN:6,(anonymous_0)
FN:23,(anonymous_1)
FN:31,(anonymous_2)
FN:63,(anonymous_3)
FN:70,(anonymous_4)
FN:104,(anonymous_5)
FN:118,(anonymous_6)
FN:121,(anonymous_7)
FN:213,render
FN:229,(anonymous_9)
FN:239,(anonymous_10)
FN:245,(anonymous_11)
FN:261,(anonymous_12)
FN:275,(anonymous_13)
FN:288,(anonymous_14)
FN:299,(anonymous_15)
FN:325,(anonymous_16)
FNF:17
FNH:0
FNDA:0,(anonymous_0)
FNDA:0,(anonymous_1)
FNDA:0,(anonymous_2)
FNDA:0,(anonymous_3)
FNDA:0,(anonymous_4)
FNDA:0,(anonymous_5)
FNDA:0,(anonymous_6)
FNDA:0,(anonymous_7)
FNDA:0,render
FNDA:0,(anonymous_9)
FNDA:0,(anonymous_10)
FNDA:0,(anonymous_11)
FNDA:0,(anonymous_12)
FNDA:0,(anonymous_13)
FNDA:0,(anonymous_14)
FNDA:0,(anonymous_15)
FNDA:0,(anonymous_16)
DA:9,0
DA:10,0
DA:11,0
DA:12,0
DA:13,0
DA:14,0
DA:23,0
DA:24,0
DA:25,0
DA:26,0
DA:28,0
DA:31,0
DA:32,0
DA:33,0
DA:34,0
DA:35,0
DA:36,0
DA:40,0
DA:41,0
DA:43,0
DA:44,0
DA:45,0
DA:46,0
DA:47,0
DA:48,0
DA:50,0
DA:51,0
DA:52,0
DA:53,0
DA:54,0
DA:55,0
DA:59,0
DA:62,0
DA:63,0
DA:64,0
DA:66,0
DA:70,0
DA:71,0
DA:72,0
DA:74,0
DA:75,0
DA:76,0
DA:77,0
DA:78,0
DA:79,0
DA:80,0
DA:81,0
DA:82,0
DA:84,0
DA:89,0
DA:90,0
DA:94,0
DA:95,0
DA:96,0
DA:97,0
DA:99,0
DA:101,0
DA:104,0
DA:105,0
DA:107,0
DA:119,0
DA:122,0
DA:125,0
DA:129,0
DA:134,0
DA:137,0
DA:138,0
DA:139,0
DA:142,0
DA:145,0
DA:148,0
DA:151,0
DA:154,0
DA:157,0
DA:160,0
DA:163,0
DA:166,0
DA:167,0
DA:170,0
DA:173,0
DA:176,0
DA:179,0
DA:182,0
DA:185,0
DA:188,0
DA:191,0
DA:195,0
DA:198,0
DA:199,0
DA:202,0
DA:203,0
DA:209,0
DA:214,0
DA:215,0
DA:230,0
DA:240,0
DA:246,0
DA:262,0
DA:276,0
DA:289,0
DA:300,0
DA:326,0
DA:336,0
LF:103
LH:0
BRDA:33,0,0,0
BRDA:33,0,1,0
BRDA:43,1,0,0
BRDA:43,1,1,0
BRDA:50,2,0,0
BRDA:50,2,1,0
BRDA:76,3,0,0
BRDA:76,3,1,0
BRDA:78,4,0,0
BRDA:78,4,1,0
BRDA:81,5,0,0
BRDA:81,5,1,0
BRDA:96,6,0,0
BRDA:96,6,1,0
BRDA:96,7,0,0
BRDA:96,7,1,0
BRDA:96,7,2,0
BRDA:215,8,0,0
BRDA:215,8,1,0
BRDA:222,9,0,0
BRDA:222,9,1,0
BRDA:229,10,0,0
BRDA:229,10,1,0
BRDA:233,11,0,0
BRDA:233,11,1,0
BRDA:239,12,0,0
BRDA:239,12,1,0
BRDA:243,13,0,0
BRDA:243,13,1,0
BRDA:250,14,0,0
BRDA:250,14,1,0
BRDA:253,15,0,0
BRDA:253,15,1,0
BRDA:261,16,0,0
BRDA:261,16,1,0
BRDA:265,17,0,0
BRDA:265,17,1,0
BRDA:275,18,0,0
BRDA:275,18,1,0
BRDA:278,19,0,0
BRDA:278,19,1,0
BRDA:280,20,0,0
BRDA:280,20,1,0
BRDA:288,21,0,0
BRDA:288,21,1,0
BRDA:292,22,0,0
BRDA:292,22,1,0
BRDA:299,23,0,0
BRDA:299,23,1,0
BRDA:302,24,0,0
BRDA:302,24,1,0
BRDA:311,25,0,0
BRDA:311,25,1,0
BRDA:313,26,0,0
BRDA:313,26,1,0
BRDA:313,27,0,0
BRDA:313,27,1,0
BRDA:326,28,0,0
BRDA:326,28,1,0
BRDA:335,29,0,0
BRDA:335,29,1,0
BRDA:335,30,0,0
BRDA:335,30,1,0
BRF:63
BRH:0
end_of_record
TN:
SF:resources\js\components\blog\Editar.vue
FN:6,(anonymous_0)
FN:26,(anonymous_1)
FN:37,(anonymous_2)
FN:47,(anonymous_3)
FN:62,(anonymous_4)
FN:94,(anonymous_5)
FN:101,(anonymous_6)
FN:137,(anonymous_7)
FN:156,(anonymous_8)
FN:159,(anonymous_9)
FN:162,(anonymous_10)
FN:258,render
FN:282,(anonymous_12)
FN:292,(anonymous_13)
FN:298,(anonymous_14)
FN:314,(anonymous_15)
FN:328,(anonymous_16)
FN:341,(anonymous_17)
FN:352,(anonymous_18)
FN:378,(anonymous_19)
FNF:20
FNH:0
FNDA:0,(anonymous_0)
FNDA:0,(anonymous_1)
FNDA:0,(anonymous_2)
FNDA:0,(anonymous_3)
FNDA:0,(anonymous_4)
FNDA:0,(anonymous_5)
FNDA:0,(anonymous_6)
FNDA:0,(anonymous_7)
FNDA:0,(anonymous_8)
FNDA:0,(anonymous_9)
FNDA:0,(anonymous_10)
FNDA:0,render
FNDA:0,(anonymous_12)
FNDA:0,(anonymous_13)
FNDA:0,(anonymous_14)
FNDA:0,(anonymous_15)
FNDA:0,(anonymous_16)
FNDA:0,(anonymous_17)
FNDA:0,(anonymous_18)
FNDA:0,(anonymous_19)
DA:9,0
DA:10,0
DA:11,0
DA:12,0
DA:13,0
DA:14,0
DA:15,0
DA:16,0
DA:26,0
DA:27,0
DA:30,0
DA:31,0
DA:35,0
DA:37,0
DA:38,0
DA:39,0
DA:40,0
DA:42,0
DA:47,0
DA:48,0
DA:49,0
DA:50,0
DA:51,0
DA:53,0
DA:54,0
DA:55,0
DA:59,0
DA:62,0
DA:63,0
DA:64,0
DA:65,0
DA:66,0
DA:67,0
DA:71,0
DA:72,0
DA:74,0
DA:75,0
DA:76,0
DA:77,0
DA:78,0
DA:79,0
DA:81,0
DA:82,0
DA:83,0
DA:84,0
DA:85,0
DA:86,0
DA:90,0
DA:93,0
DA:94,0
DA:95,0
DA:97,0
DA:101,0
DA:102,0
DA:103,0
DA:105,0
DA:106,0
DA:107,0
DA:108,0
DA:109,0
DA:110,0
DA:111,0
DA:112,0
DA:114,0
DA:115,0
DA:117,0
DA:122,0
DA:123,0
DA:127,0
DA:128,0
DA:129,0
DA:130,0
DA:132,0
DA:134,0
DA:137,0
DA:138,0
DA:139,0
DA:141,0
DA:157,0
DA:160,0
DA:163,0
DA:166,0
DA:170,0
DA:175,0
DA:178,0
DA:179,0
DA:180,0
DA:183,0
DA:186,0
DA:189,0
DA:192,0
DA:195,0
DA:199,0
DA:202,0
DA:205,0
DA:208,0
DA:211,0
DA:212,0
DA:215,0
DA:218,0
DA:221,0
DA:224,0
DA:227,0
DA:230,0
DA:233,0
DA:236,0
DA:240,0
DA:243,0
DA:244,0
DA:247,0
DA:248,0
DA:254,0
DA:259,0
DA:260,0
DA:283,0
DA:293,0
DA:299,0
DA:315,0
DA:329,0
DA:342,0
DA:353,0
DA:379,0
DA:389,0
LF:123
LH:0
BRDA:27,0,0,0
BRDA:27,0,1,0
BRDA:30,1,0,0
BRDA:30,1,1,0
BRDA:64,2,0,0
BRDA:64,2,1,0
BRDA:74,3,0,0
BRDA:74,3,1,0
BRDA:81,4,0,0
BRDA:81,4,1,0
BRDA:107,5,0,0
BRDA:107,5,1,0
BRDA:109,6,0,0
BRDA:109,6,1,0
BRDA:114,7,0,0
BRDA:114,7,1,0
BRDA:129,8,0,0
BRDA:129,8,1,0
BRDA:129,9,0,0
BRDA:129,9,1,0
BRDA:129,9,2,0
BRDA:260,10,0,0
BRDA:260,10,1,0
BRDA:264,11,0,0
BRDA:264,11,1,0
BRDA:264,12,0,0
BRDA:264,12,1,0
BRDA:275,13,0,0
BRDA:275,13,1,0
BRDA:282,14,0,0
BRDA:282,14,1,0
BRDA:286,15,0,0
BRDA:286,15,1,0
BRDA:292,16,0,0
BRDA:292,16,1,0
BRDA:296,17,0,0
BRDA:296,17,1,0
BRDA:303,18,0,0
BRDA:303,18,1,0
BRDA:306,19,0,0
BRDA:306,19,1,0
BRDA:314,20,0,0
BRDA:314,20,1,0
BRDA:318,21,0,0
BRDA:318,21,1,0
BRDA:328,22,0,0
BRDA:328,22,1,0
BRDA:331,23,0,0
BRDA:331,23,1,0
BRDA:333,24,0,0
BRDA:333,24,1,0
BRDA:341,25,0,0
BRDA:341,25,1,0
BRDA:345,26,0,0
BRDA:345,26,1,0
BRDA:352,27,0,0
BRDA:352,27,1,0
BRDA:355,28,0,0
BRDA:355,28,1,0
BRDA:364,29,0,0
BRDA:364,29,1,0
BRDA:366,30,0,0
BRDA:366,30,1,0
BRDA:366,31,0,0
BRDA:366,31,1,0
BRDA:366,32,0,0
BRDA:366,32,1,0
BRDA:369,33,0,0
BRDA:369,33,1,0
BRDA:379,34,0,0
BRDA:379,34,1,0
BRDA:388,35,0,0
BRDA:388,35,1,0
BRDA:388,36,0,0
BRDA:388,36,1,0
BRF:75
BRH:0
end_of_record
TN:
SF:resources\js\components\blog\Mostrar.vue
FN:5,(anonymous_0)
FN:15,(anonymous_1)
FN:29,(anonymous_2)
FN:35,(anonymous_3)
FN:39,(anonymous_4)
FN:40,(anonymous_5)
FN:46,(anonymous_6)
FN:63,(anonymous_7)
FN:73,(anonymous_8)
FN:84,(anonymous_9)
FN:95,(anonymous_10)
FN:109,(anonymous_11)
FN:113,(anonymous_12)
FN:151,_toConsumableArray
FN:152,_nonIterableSpread
FN:153,_unsupportedIterableToArray
FN:154,_iterableToArray
FN:155,_arrayWithoutHoles
FN:156,_arrayLikeToArray
FN:239,render
FN:249,(anonymous_20)
FN:259,(anonymous_21)
FN:262,(anonymous_22)
FN:267,(anonymous_23)
FN:270,(anonymous_24)
FN:275,(anonymous_25)
FN:282,(anonymous_26)
FN:285,(anonymous_27)
FN:290,(anonymous_28)
FN:302,(anonymous_29)
FN:311,onClick
FN:319,onClick
FN:339,(anonymous_32)
FN:342,(anonymous_33)
FNF:34
FNH:0
FNDA:0,(anonymous_0)
FNDA:0,(anonymous_1)
FNDA:0,(anonymous_2)
FNDA:0,(anonymous_3)
FNDA:0,(anonymous_4)
FNDA:0,(anonymous_5)
FNDA:0,(anonymous_6)
FNDA:0,(anonymous_7)
FNDA:0,(anonymous_8)
FNDA:0,(anonymous_9)
FNDA:0,(anonymous_10)
FNDA:0,(anonymous_11)
FNDA:0,(anonymous_12)
FNDA:0,_toConsumableArray
FNDA:0,_nonIterableSpread
FNDA:0,_unsupportedIterableToArray
FNDA:0,_iterableToArray
FNDA:0,_arrayWithoutHoles
FNDA:0,_arrayLikeToArray
FNDA:0,render
FNDA:0,(anonymous_20)
FNDA:0,(anonymous_21)
FNDA:0,(anonymous_22)
FNDA:0,(anonymous_23)
FNDA:0,(anonymous_24)
FNDA:0,(anonymous_25)
FNDA:0,(anonymous_26)
FNDA:0,(anonymous_27)
FNDA:0,(anonymous_28)
FNDA:0,(anonymous_29)
FNDA:0,onClick
FNDA:0,onClick
FNDA:0,(anonymous_32)
FNDA:0,(anonymous_33)
DA:6,0
DA:7,0
DA:8,0
DA:9,0
DA:10,0
DA:11,0
DA:12,0
DA:13,0
DA:14,0
DA:15,0
DA:16,0
DA:18,0
DA:22,0
DA:23,0
DA:27,0
DA:29,0
DA:31,0
DA:32,0
DA:33,0
DA:35,0
DA:36,0
DA:37,0
DA:39,0
DA:40,0
DA:41,0
DA:42,0
DA:43,0
DA:45,0
DA:46,0
DA:47,0
DA:48,0
DA:49,0
DA:50,0
DA:51,0
DA:52,0
DA:53,0
DA:54,0
DA:56,0
DA:59,0
DA:63,0
DA:64,0
DA:65,0
DA:66,0
DA:67,0
DA:69,0
DA:70,0
DA:73,0
DA:74,0
DA:75,0
DA:76,0
DA:78,0
DA:79,0
DA:84,0
DA:85,0
DA:86,0
DA:87,0
DA:88,0
DA:90,0
DA:91,0
DA:95,0
DA:96,0
DA:97,0
DA:98,0
DA:101,0
DA:102,0
DA:103,0
DA:104,0
DA:106,0
DA:109,0
DA:113,0
DA:114,0
DA:115,0
DA:116,0
DA:118,0
DA:120,0
DA:121,0
DA:124,0
DA:144,0
DA:146,0
DA:149,0
DA:150,0
DA:151,0
DA:152,0
DA:153,0
DA:154,0
DA:155,0
DA:156,0
DA:157,0
DA:160,0
DA:163,0
DA:166,0
DA:169,0
DA:172,0
DA:175,0
DA:178,0
DA:181,0
DA:184,0
DA:185,0
DA:188,0
DA:191,0
DA:195,0
DA:199,0
DA:200,0
DA:201,0
DA:208,0
DA:211,0
DA:214,0
DA:217,0
DA:220,0
DA:223,0
DA:226,0
DA:230,0
DA:231,0
DA:235,0
DA:240,0
DA:241,0
DA:250,0
DA:260,0
DA:263,0
DA:268,0
DA:271,0
DA:276,0
DA:283,0
DA:286,0
DA:291,0
DA:303,0
DA:312,0
DA:320,0
DA:340,0
DA:343,0
DA:357,0
LF:131
LH:0
BRDA:16,0,0,0
BRDA:16,0,1,0
BRDA:22,1,0,0
BRDA:22,1,1,0
BRDA:41,2,0,0
BRDA:41,2,1,0
BRDA:42,3,0,0
BRDA:42,3,1,0
BRDA:42,3,2,0
BRDA:43,4,0,0
BRDA:43,4,1,0
BRDA:45,5,0,0
BRDA:45,5,1,0
BRDA:47,6,0,0
BRDA:47,6,1,0
BRDA:49,7,0,0
BRDA:49,7,1,0
BRDA:50,8,0,0
BRDA:50,8,1,0
BRDA:51,9,0,0
BRDA:51,9,1,0
BRDA:52,10,0,0
BRDA:52,10,1,0
BRDA:52,11,0,0
BRDA:52,11,1,0
BRDA:53,12,0,0
BRDA:53,12,1,0
BRDA:85,13,0,0
BRDA:85,13,1,0
BRDA:102,14,0,0
BRDA:102,14,1,0
BRDA:151,15,0,0
BRDA:151,15,1,0
BRDA:151,15,2,0
BRDA:151,15,3,0
BRDA:153,16,0,0
BRDA:153,16,1,0
BRDA:153,17,0,0
BRDA:153,17,1,0
BRDA:153,18,0,0
BRDA:153,18,1,0
BRDA:153,18,2,0
BRDA:153,19,0,0
BRDA:153,19,1,0
BRDA:153,20,0,0
BRDA:153,20,1,0
BRDA:153,21,0,0
BRDA:153,21,1,0
BRDA:153,22,0,0
BRDA:153,22,1,0
BRDA:154,23,0,0
BRDA:154,23,1,0
BRDA:154,24,0,0
BRDA:154,24,1,0
BRDA:154,24,2,0
BRDA:155,25,0,0
BRDA:155,25,1,0
BRDA:156,26,0,0
BRDA:156,26,1,0
BRDA:156,26,2,0
BRDA:241,27,0,0
BRDA:241,27,1,0
BRDA:250,28,0,0
BRDA:250,28,1,0
BRDA:259,29,0,0
BRDA:259,29,1,0
BRDA:262,30,0,0
BRDA:262,30,1,0
BRDA:263,31,0,0
BRDA:263,31,1,0
BRDA:267,32,0,0
BRDA:267,32,1,0
BRDA:270,33,0,0
BRDA:270,33,1,0
BRDA:271,34,0,0
BRDA:271,34,1,0
BRDA:273,35,0,0
BRDA:273,35,1,0
BRDA:282,36,0,0
BRDA:282,36,1,0
BRDA:285,37,0,0
BRDA:285,37,1,0
BRDA:286,38,0,0
BRDA:286,38,1,0
BRDA:288,39,0,0
BRDA:288,39,1,0
BRDA:288,40,0,0
BRDA:288,40,1,0
BRDA:293,41,0,0
BRDA:293,41,1,0
BRDA:303,42,0,0
BRDA:303,42,1,0
BRDA:314,43,0,0
BRDA:314,43,1,0
BRDA:322,44,0,0
BRDA:322,44,1,0
BRDA:325,45,0,0
BRDA:325,45,1,0
BRDA:335,46,0,0
BRDA:335,46,1,0
BRDA:335,47,0,0
BRDA:335,47,1,0
BRDA:335,48,0,0
BRDA:335,48,1,0
BRDA:335,49,0,0
BRDA:335,49,1,0
BRDA:335,50,0,0
BRDA:335,50,1,0
BRDA:335,51,0,0
BRDA:335,51,1,0
BRDA:335,52,0,0
BRDA:335,52,1,0
BRDA:335,53,0,0
BRDA:335,53,1,0
BRDA:335,54,0,0
BRDA:335,54,1,0
BRDA:335,55,0,0
BRDA:335,55,1,0
BRDA:335,56,0,0
BRDA:335,56,1,0
BRDA:335,57,0,0
BRDA:335,57,1,0
BRDA:339,58,0,0
BRDA:339,58,1,0
BRDA:340,59,0,0
BRDA:340,59,1,0
BRDA:342,60,0,0
BRDA:342,60,1,0
BRDA:343,61,0,0
BRDA:343,61,1,0
BRDA:345,62,0,0
BRDA:345,62,1,0
BRDA:345,63,0,0
BRDA:345,63,1,0
BRDA:345,64,0,0
BRDA:345,64,1,0
BRDA:350,65,0,0
BRDA:350,65,1,0
BRDA:350,66,0,0
BRDA:350,66,1,0
BRF:140
BRH:0
end_of_record
TN:
SF:resources\js\components\client\CheckoutForm.vue
FN:11,(anonymous_0)
FN:36,(anonymous_1)
FN:41,(anonymous_2)
FN:56,(anonymous_3)
FN:101,(anonymous_4)
FN:131,(anonymous_5)
FN:148,(anonymous_6)
FN:219,(anonymous_7)
FN:222,(anonymous_8)
FN:265,(anonymous_9)
FN:377,render
FN:381,(anonymous_11)
FN:386,(anonymous_12)
FN:392,(anonymous_13)
FN:409,(anonymous_14)
FN:421,(anonymous_15)
FN:432,(anonymous_16)
FN:444,(anonymous_17)
FN:451,(anonymous_18)
FN:455,(anonymous_19)
FN:466,(anonymous_20)
FN:472,(anonymous_21)
FN:487,(anonymous_22)
FN:500,(anonymous_23)
FN:512,(anonymous_24)
FN:525,(anonymous_25)
FN:529,(anonymous_26)
FNF:27
FNH:0
FNDA:0,(anonymous_0)
FNDA:0,(anonymous_1)
FNDA:0,(anonymous_2)
FNDA:0,(anonymous_3)
FNDA:0,(anonymous_4)
FNDA:0,(anonymous_5)
FNDA:0,(anonymous_6)
FNDA:0,(anonymous_7)
FNDA:0,(anonymous_8)
FNDA:0,(anonymous_9)
FNDA:0,render
FNDA:0,(anonymous_11)
FNDA:0,(anonymous_12)
FNDA:0,(anonymous_13)
FNDA:0,(anonymous_14)
FNDA:0,(anonymous_15)
FNDA:0,(anonymous_16)
FNDA:0,(anonymous_17)
FNDA:0,(anonymous_18)
FNDA:0,(anonymous_19)
FNDA:0,(anonymous_20)
FNDA:0,(anonymous_21)
FNDA:0,(anonymous_22)
FNDA:0,(anonymous_23)
FNDA:0,(anonymous_24)
FNDA:0,(anonymous_25)
FNDA:0,(anonymous_26)
DA:14,0
DA:22,0
DA:23,0
DA:24,0
DA:25,0
DA:26,0
DA:27,0
DA:28,0
DA:36,0
DA:37,0
DA:41,0
DA:42,0
DA:43,0
DA:44,0
DA:45,0
DA:46,0
DA:47,0
DA:48,0
DA:50,0
DA:51,0
DA:56,0
DA:59,0
DA:60,0
DA:61,0
DA:64,0
DA:66,0
DA:67,0
DA:68,0
DA:70,0
DA:71,0
DA:73,0
DA:75,0
DA:77,0
DA:79,0
DA:80,0
DA:81,0
DA:82,0
DA:84,0
DA:88,0
DA:89,0
DA:90,0
DA:91,0
DA:93,0
DA:96,0
DA:97,0
DA:101,0
DA:102,0
DA:105,0
DA:106,0
DA:107,0
DA:109,0
DA:113,0
DA:114,0
DA:118,0
DA:119,0
DA:123,0
DA:124,0
DA:125,0
DA:127,0
DA:129,0
DA:131,0
DA:132,0
DA:133,0
DA:134,0
DA:135,0
DA:138,0
DA:139,0
DA:143,0
DA:144,0
DA:148,0
DA:153,0
DA:156,0
DA:164,0
DA:168,0
DA:172,0
DA:175,0
DA:176,0
DA:179,0
DA:181,0
DA:184,0
DA:185,0
DA:186,0
DA:187,0
DA:191,0
DA:193,0
DA:194,0
DA:195,0
DA:196,0
DA:197,0
DA:198,0
DA:200,0
DA:204,0
DA:205,0
DA:206,0
DA:208,0
DA:209,0
DA:212,0
DA:213,0
DA:216,0
DA:219,0
DA:220,0
DA:222,0
DA:224,0
DA:225,0
DA:235,0
DA:236,0
DA:237,0
DA:238,0
DA:247,0
DA:249,0
DA:266,0
DA:270,0
DA:272,0
DA:275,0
DA:276,0
DA:277,0
DA:280,0
DA:283,0
DA:286,0
DA:290,0
DA:294,0
DA:297,0
DA:300,0
DA:303,0
DA:306,0
DA:310,0
DA:313,0
DA:317,0
DA:320,0
DA:323,0
DA:327,0
DA:330,0
DA:334,0
DA:337,0
DA:340,0
DA:343,0
DA:346,0
DA:349,0
DA:352,0
DA:355,0
DA:358,0
DA:361,0
DA:364,0
DA:367,0
DA:370,0
DA:371,0
DA:374,0
DA:378,0
DA:382,0
DA:393,0
DA:410,0
DA:422,0
DA:433,0
DA:445,0
DA:452,0
DA:456,0
DA:467,0
DA:473,0
DA:488,0
DA:501,0
DA:513,0
DA:526,0
DA:530,0
DA:539,0
LF:164
LH:0
BRDA:43,0,0,0
BRDA:43,0,1,0
BRDA:46,1,0,0
BRDA:46,1,1,0
BRDA:64,2,0,0
BRDA:64,2,1,0
BRDA:66,3,0,0
BRDA:66,3,1,0
BRDA:68,4,0,0
BRDA:68,4,1,0
BRDA:71,5,0,0
BRDA:71,5,1,0
BRDA:71,6,0,0
BRDA:71,6,1,0
BRDA:77,7,0,0
BRDA:77,7,1,0
BRDA:79,8,0,0
BRDA:79,8,1,0
BRDA:81,9,0,0
BRDA:81,9,1,0
BRDA:88,10,0,0
BRDA:88,10,1,0
BRDA:90,11,0,0
BRDA:90,11,1,0
BRDA:90,12,0,0
BRDA:90,12,1,0
BRDA:105,13,0,0
BRDA:105,13,1,0
BRDA:113,14,0,0
BRDA:113,14,1,0
BRDA:118,15,0,0
BRDA:118,15,1,0
BRDA:123,16,0,0
BRDA:123,16,1,0
BRDA:138,17,0,0
BRDA:138,17,1,0
BRDA:138,18,0,0
BRDA:138,18,1,0
BRDA:143,19,0,0
BRDA:143,19,1,0
BRDA:149,20,0,0
BRDA:149,20,1,0
BRDA:149,20,2,0
BRDA:176,21,0,0
BRDA:176,21,1,0
BRDA:176,21,2,0
BRDA:176,21,3,0
BRDA:184,22,0,0
BRDA:184,22,1,0
BRDA:191,23,0,0
BRDA:191,23,1,0
BRDA:197,24,0,0
BRDA:197,24,1,0
BRDA:197,25,0,0
BRDA:197,25,1,0
BRDA:206,26,0,0
BRDA:206,26,1,0
BRDA:224,27,0,0
BRDA:224,27,1,0
BRDA:378,28,0,0
BRDA:378,28,1,0
BRDA:381,29,0,0
BRDA:381,29,1,0
BRDA:382,30,0,0
BRDA:382,30,1,0
BRDA:386,31,0,0
BRDA:386,31,1,0
BRDA:387,32,0,0
BRDA:387,32,1,0
BRDA:392,33,0,0
BRDA:392,33,1,0
BRDA:393,34,0,0
BRDA:393,34,1,0
BRDA:396,35,0,0
BRDA:396,35,1,0
BRDA:396,36,0,0
BRDA:396,36,1,0
BRDA:403,37,0,0
BRDA:403,37,1,0
BRDA:403,38,0,0
BRDA:403,38,1,0
BRDA:405,39,0,0
BRDA:405,39,1,0
BRDA:407,40,0,0
BRDA:407,40,1,0
BRDA:407,41,0,0
BRDA:407,41,1,0
BRDA:407,42,0,0
BRDA:407,42,1,0
BRDA:409,43,0,0
BRDA:409,43,1,0
BRDA:410,44,0,0
BRDA:410,44,1,0
BRDA:412,45,0,0
BRDA:412,45,1,0
BRDA:414,46,0,0
BRDA:414,46,1,0
BRDA:421,47,0,0
BRDA:421,47,1,0
BRDA:425,48,0,0
BRDA:425,48,1,0
BRDA:425,49,0,0
BRDA:425,49,1,0
BRDA:432,50,0,0
BRDA:432,50,1,0
BRDA:436,51,0,0
BRDA:436,51,1,0
BRDA:436,52,0,0
BRDA:436,52,1,0
BRDA:444,53,0,0
BRDA:444,53,1,0
BRDA:447,54,0,0
BRDA:447,54,1,0
BRDA:451,55,0,0
BRDA:451,55,1,0
BRDA:455,56,0,0
BRDA:455,56,1,0
BRDA:456,57,0,0
BRDA:456,57,1,0
BRDA:459,58,0,0
BRDA:459,58,1,0
BRDA:459,59,0,0
BRDA:459,59,1,0
BRDA:466,60,0,0
BRDA:466,60,1,0
BRDA:470,61,0,0
BRDA:470,61,1,0
BRDA:470,62,0,0
BRDA:470,62,1,0
BRDA:477,63,0,0
BRDA:477,63,1,0
BRDA:479,64,0,0
BRDA:479,64,1,0
BRDA:479,65,0,0
BRDA:479,65,1,0
BRDA:487,66,0,0
BRDA:487,66,1,0
BRDA:491,67,0,0
BRDA:491,67,1,0
BRDA:500,68,0,0
BRDA:500,68,1,0
BRDA:503,69,0,0
BRDA:503,69,1,0
BRDA:512,70,0,0
BRDA:512,70,1,0
BRDA:515,71,0,0
BRDA:515,71,1,0
BRDA:518,72,0,0
BRDA:518,72,1,0
BRDA:525,73,0,0
BRDA:525,73,1,0
BRDA:529,74,0,0
BRDA:529,74,1,0
BRDA:530,75,0,0
BRDA:530,75,1,0
BRDA:534,76,0,0
BRDA:534,76,1,0
BRDA:534,77,0,0
BRDA:534,77,1,0
BRF:159
BRH:0
end_of_record
TN:
SF:resources\js\components\client\ClientApp.vue
FN:10,(anonymous_0)
FN:18,(anonymous_1)
FN:27,(anonymous_2)
FN:36,(anonymous_3)
FN:53,(anonymous_4)
FN:69,(anonymous_5)
FN:72,(anonymous_6)
FN:82,(anonymous_7)
FN:88,(anonymous_8)
FN:114,(anonymous_9)
FN:118,(anonymous_10)
FN:123,(anonymous_11)
FN:134,(anonymous_12)
FN:205,render
FN:230,(anonymous_14)
FN:241,(anonymous_15)
FN:253,(anonymous_16)
FNF:17
FNH:0
FNDA:0,(anonymous_0)
FNDA:0,(anonymous_1)
FNDA:0,(anonymous_2)
FNDA:0,(anonymous_3)
FNDA:0,(anonymous_4)
FNDA:0,(anonymous_5)
FNDA:0,(anonymous_6)
FNDA:0,(anonymous_7)
FNDA:0,(anonymous_8)
FNDA:0,(anonymous_9)
FNDA:0,(anonymous_10)
FNDA:0,(anonymous_11)
FNDA:0,(anonymous_12)
FNDA:0,render
FNDA:0,(anonymous_14)
FNDA:0,(anonymous_15)
FNDA:0,(anonymous_16)
DA:11,0
DA:12,0
DA:16,0
DA:17,0
DA:18,0
DA:19,0
DA:20,0
DA:21,0
DA:23,0
DA:24,0
DA:27,0
DA:28,0
DA:29,0
DA:30,0
DA:31,0
DA:33,0
DA:36,0
DA:40,0
DA:42,0
DA:43,0
DA:46,0
DA:49,0
DA:50,0
DA:53,0
DA:54,0
DA:56,0
DA:59,0
DA:60,0
DA:64,0
DA:66,0
DA:69,0
DA:71,0
DA:72,0
DA:73,0
DA:77,0
DA:78,0
DA:79,0
DA:82,0
DA:83,0
DA:84,0
DA:88,0
DA:90,0
DA:91,0
DA:92,0
DA:93,0
DA:94,0
DA:95,0
DA:103,0
DA:106,0
DA:107,0
DA:110,0
DA:114,0
DA:115,0
DA:118,0
DA:119,0
DA:120,0
DA:123,0
DA:124,0
DA:125,0
DA:126,0
DA:131,0
DA:132,0
DA:133,0
DA:134,0
DA:135,0
DA:137,0
DA:140,0
DA:151,0
DA:153,0
DA:156,0
DA:157,0
DA:158,0
DA:161,0
DA:164,0
DA:167,0
DA:171,0
DA:174,0
DA:177,0
DA:180,0
DA:184,0
DA:187,0
DA:190,0
DA:193,0
DA:196,0
DA:199,0
DA:202,0
DA:206,0
DA:207,0
DA:208,0
DA:209,0
DA:210,0
DA:231,0
DA:242,0
DA:254,0
DA:275,0
LF:95
LH:0
BRDA:42,0,0,0
BRDA:42,0,1,0
BRDA:59,1,0,0
BRDA:59,1,1,0
BRDA:83,2,0,0
BRDA:83,2,1,0
BRDA:88,3,0,0
BRDA:106,4,0,0
BRDA:106,4,1,0
BRDA:124,5,0,0
BRDA:124,5,1,0
BRDA:124,6,0,0
BRDA:124,6,1,0
BRDA:131,7,0,0
BRDA:131,7,1,0
BRDA:210,8,0,0
BRDA:210,8,1,0
BRDA:215,9,0,0
BRDA:215,9,1,0
BRDA:231,10,0,0
BRDA:231,10,1,0
BRDA:234,11,0,0
BRDA:234,11,1,0
BRDA:258,12,0,0
BRDA:258,12,1,0
BRDA:258,13,0,0
BRDA:258,13,1,0
BRDA:260,14,0,0
BRDA:260,14,1,0
BRDA:270,15,0,0
BRDA:270,15,1,0
BRF:31
BRH:0
end_of_record
TN:
SF:resources\js\components\client\HomePage.vue
FN:5,(anonymous_0)
FN:52,(anonymous_1)
FN:59,(anonymous_2)
FN:78,(anonymous_3)
FN:89,(anonymous_4)
FN:90,(anonymous_5)
FN:99,(anonymous_6)
FN:101,(anonymous_7)
FN:103,(anonymous_8)
FN:105,(anonymous_9)
FN:107,(anonymous_10)
FN:113,(anonymous_11)
FN:117,(anonymous_12)
FN:120,(anonymous_13)
FN:125,(anonymous_14)
FN:142,(anonymous_15)
FN:146,(anonymous_16)
FN:163,(anonymous_17)
FN:177,(anonymous_18)
FN:178,(anonymous_19)
FN:182,(anonymous_20)
FN:195,(anonymous_21)
FN:211,(anonymous_22)
FN:224,(anonymous_23)
FN:247,(anonymous_24)
FN:259,(anonymous_25)
FN:272,(anonymous_26)
FN:289,(anonymous_27)
FN:302,(anonymous_28)
FN:316,(anonymous_29)
FN:329,(anonymous_30)
FN:346,(anonymous_31)
FN:359,(anonymous_32)
FN:360,(anonymous_33)
FN:369,(anonymous_34)
FN:382,(anonymous_35)
FN:402,(anonymous_36)
FN:417,(anonymous_37)
FN:422,(anonymous_38)
FN:427,(anonymous_39)
FN:433,(anonymous_40)
FN:442,(anonymous_41)
FN:453,(anonymous_42)
FN:465,(anonymous_43)
FN:468,(anonymous_44)
FN:473,(anonymous_45)
FN:475,(anonymous_46)
FN:484,(anonymous_47)
FN:510,(anonymous_48)
FN:524,(anonymous_49)
FN:536,(anonymous_50)
FN:539,(anonymous_51)
FN:540,(anonymous_52)
FN:544,(anonymous_53)
FN:545,(anonymous_54)
FN:550,(anonymous_55)
FN:551,(anonymous_56)
FN:556,(anonymous_57)
FN:567,(anonymous_58)
FN:598,(anonymous_59)
FN:601,(anonymous_60)
FN:608,(anonymous_61)
FN:668,_toConsumableArray
FN:669,_nonIterableSpread
FN:670,_unsupportedIterableToArray
FN:671,_iterableToArray
FN:672,_arrayWithoutHoles
FN:673,_arrayLikeToArray
FN:881,render
FN:907,(anonymous_69)
FN:914,(anonymous_70)
FN:934,(anonymous_71)
FN:939,(anonymous_72)
FN:944,(anonymous_73)
FN:951,(anonymous_74)
FN:956,(anonymous_75)
FN:974,(anonymous_76)
FN:986,(anonymous_77)
FN:992,onClick
FN:1000,onClick
FN:1014,(anonymous_80)
FN:1020,(anonymous_81)
FN:1026,(anonymous_82)
FN:1033,(anonymous_83)
FN:1037,(anonymous_84)
FN:1050,(anonymous_85)
FNF:86
FNH:0
FNDA:0,(anonymous_0)
FNDA:0,(anonymous_1)
FNDA:0,(anonymous_2)
FNDA:0,(anonymous_3)
FNDA:0,(anonymous_4)
FNDA:0,(anonymous_5)
FNDA:0,(anonymous_6)
FNDA:0,(anonymous_7)
FNDA:0,(anonymous_8)
FNDA:0,(anonymous_9)
FNDA:0,(anonymous_10)
FNDA:0,(anonymous_11)
FNDA:0,(anonymous_12)
FNDA:0,(anonymous_13)
FNDA:0,(anonymous_14)
FNDA:0,(anonymous_15)
FNDA:0,(anonymous_16)
FNDA:0,(anonymous_17)
FNDA:0,(anonymous_18)
FNDA:0,(anonymous_19)
FNDA:0,(anonymous_20)
FNDA:0,(anonymous_21)
FNDA:0,(anonymous_22)
FNDA:0,(anonymous_23)
FNDA:0,(anonymous_24)
FNDA:0,(anonymous_25)
FNDA:0,(anonymous_26)
FNDA:0,(anonymous_27)
FNDA:0,(anonymous_28)
FNDA:0,(anonymous_29)
FNDA:0,(anonymous_30)
FNDA:0,(anonymous_31)
FNDA:0,(anonymous_32)
FNDA:0,(anonymous_33)
FNDA:0,(anonymous_34)
FNDA:0,(anonymous_35)
FNDA:0,(anonymous_36)
FNDA:0,(anonymous_37)
FNDA:0,(anonymous_38)
FNDA:0,(anonymous_39)
FNDA:0,(anonymous_40)
FNDA:0,(anonymous_41)
FNDA:0,(anonymous_42)
FNDA:0,(anonymous_43)
FNDA:0,(anonymous_44)
FNDA:0,(anonymous_45)
FNDA:0,(anonymous_46)
FNDA:0,(anonymous_47)
FNDA:0,(anonymous_48)
FNDA:0,(anonymous_49)
FNDA:0,(anonymous_50)
FNDA:0,(anonymous_51)
FNDA:0,(anonymous_52)
FNDA:0,(anonymous_53)
FNDA:0,(anonymous_54)
FNDA:0,(anonymous_55)
FNDA:0,(anonymous_56)
FNDA:0,(anonymous_57)
FNDA:0,(anonymous_58)
FNDA:0,(anonymous_59)
FNDA:0,(anonymous_60)
FNDA:0,(anonymous_61)
FNDA:0,_toConsumableArray
FNDA:0,_nonIterableSpread
FNDA:0,_unsupportedIterableToArray
FNDA:0,_iterableToArray
FNDA:0,_arrayWithoutHoles
FNDA:0,_arrayLikeToArray
FNDA:0,render
FNDA:0,(anonymous_69)
FNDA:0,(anonymous_70)
FNDA:0,(anonymous_71)
FNDA:0,(anonymous_72)
FNDA:0,(anonymous_73)
FNDA:0,(anonymous_74)
FNDA:0,(anonymous_75)
FNDA:0,(anonymous_76)
FNDA:0,(anonymous_77)
FNDA:0,onClick
FNDA:0,onClick
FNDA:0,(anonymous_80)
FNDA:0,(anonymous_81)
FNDA:0,(anonymous_82)
FNDA:0,(anonymous_83)
FNDA:0,(anonymous_84)
FNDA:0,(anonymous_85)
DA:9,0
DA:10,0
DA:11,0
DA:12,0
DA:13,0
DA:14,0
DA:15,0
DA:16,0
DA:17,0
DA:18,0
DA:22,0
DA:30,0
DA:31,0
DA:34,0
DA:52,0
DA:53,0
DA:54,0
DA:55,0
DA:56,0
DA:59,0
DA:72,0
DA:73,0
DA:75,0
DA:78,0
DA:79,0
DA:80,0
DA:81,0
DA:83,0
DA:84,0
DA:89,0
DA:90,0
DA:91,0
DA:92,0
DA:93,0
DA:94,0
DA:98,0
DA:99,0
DA:100,0
DA:101,0
DA:102,0
DA:103,0
DA:104,0
DA:105,0
DA:106,0
DA:107,0
DA:109,0
DA:113,0
DA:114,0
DA:115,0
DA:117,0
DA:118,0
DA:120,0
DA:121,0
DA:122,0
DA:123,0
DA:125,0
DA:126,0
DA:128,0
DA:132,0
DA:135,0
DA:136,0
DA:140,0
DA:142,0
DA:144,0
DA:146,0
DA:147,0
DA:148,0
DA:150,0
DA:151,0
DA:153,0
DA:154,0
DA:156,0
DA:157,0
DA:159,0
DA:161,0
DA:163,0
DA:164,0
DA:166,0
DA:168,0
DA:170,0
DA:172,0
DA:177,0
DA:178,0
DA:182,0
DA:183,0
DA:184,0
DA:185,0
DA:189,0
DA:191,0
DA:192,0
DA:195,0
DA:202,0
DA:205,0
DA:207,0
DA:208,0
DA:211,0
DA:212,0
DA:213,0
DA:214,0
DA:218,0
DA:220,0
DA:221,0
DA:224,0
DA:231,0
DA:232,0
DA:233,0
DA:234,0
DA:238,0
DA:241,0
DA:243,0
DA:244,0
DA:247,0
DA:248,0
DA:249,0
DA:250,0
DA:253,0
DA:255,0
DA:256,0
DA:259,0
DA:266,0
DA:268,0
DA:269,0
DA:272,0
DA:273,0
DA:274,0
DA:275,0
DA:276,0
DA:277,0
DA:279,0
DA:283,0
DA:285,0
DA:286,0
DA:289,0
DA:296,0
DA:298,0
DA:299,0
DA:302,0
DA:303,0
DA:304,0
DA:305,0
DA:306,0
DA:310,0
DA:312,0
DA:313,0
DA:316,0
DA:323,0
DA:325,0
DA:326,0
DA:329,0
DA:330,0
DA:331,0
DA:332,0
DA:333,0
DA:335,0
DA:336,0
DA:340,0
DA:342,0
DA:343,0
DA:346,0
DA:353,0
DA:355,0
DA:356,0
DA:359,0
DA:360,0
DA:361,0
DA:362,0
DA:363,0
DA:365,0
DA:366,0
DA:369,0
DA:375,0
DA:376,0
DA:382,0
DA:383,0
DA:385,0
DA:386,0
DA:388,0
DA:389,0
DA:390,0
DA:392,0
DA:399,0
DA:402,0
DA:403,0
DA:406,0
DA:408,0
DA:414,0
DA:417,0
DA:418,0
DA:422,0
DA:424,0
DA:427,0
DA:428,0
DA:433,0
DA:434,0
DA:435,0
DA:436,0
DA:437,0
DA:438,0
DA:439,0
DA:442,0
DA:444,0
DA:445,0
DA:446,0
DA:447,0
DA:451,0
DA:453,0
DA:454,0
DA:455,0
DA:456,0
DA:457,0
DA:459,0
DA:460,0
DA:461,0
DA:462,0
DA:465,0
DA:466,0
DA:468,0
DA:469,0
DA:470,0
DA:473,0
DA:474,0
DA:475,0
DA:476,0
DA:477,0
DA:478,0
DA:484,0
DA:486,0
DA:487,0
DA:488,0
DA:489,0
DA:490,0
DA:491,0
DA:492,0
DA:493,0
DA:501,0
DA:504,0
DA:505,0
DA:510,0
DA:512,0
DA:513,0
DA:514,0
DA:515,0
DA:517,0
DA:521,0
DA:524,0
DA:525,0
DA:526,0
DA:527,0
DA:529,0
DA:536,0
DA:537,0
DA:539,0
DA:540,0
DA:541,0
DA:544,0
DA:545,0
DA:546,0
DA:547,0
DA:550,0
DA:551,0
DA:552,0
DA:556,0
DA:557,0
DA:558,0
DA:559,0
DA:561,0
DA:562,0
DA:564,0
DA:567,0
DA:570,0
DA:571,0
DA:579,0
DA:580,0
DA:581,0
DA:582,0
DA:584,0
DA:585,0
DA:586,0
DA:587,0
DA:590,0
DA:591,0
DA:593,0
DA:598,0
DA:599,0
DA:600,0
DA:601,0
DA:602,0
DA:605,0
DA:606,0
DA:607,0
DA:608,0
DA:609,0
DA:611,0
DA:614,0
DA:661,0
DA:663,0
DA:666,0
DA:667,0
DA:668,0
DA:669,0
DA:670,0
DA:671,0
DA:672,0
DA:673,0
DA:674,0
DA:677,0
DA:680,0
DA:683,0
DA:686,0
DA:689,0
DA:692,0
DA:695,0
DA:698,0
DA:701,0
DA:702,0
DA:706,0
DA:709,0
DA:712,0
DA:715,0
DA:718,0
DA:721,0
DA:722,0
DA:725,0
DA:728,0
DA:732,0
DA:736,0
DA:740,0
DA:743,0
DA:746,0
DA:747,0
DA:751,0
DA:754,0
DA:757,0
DA:760,0
DA:763,0
DA:766,0
DA:769,0
DA:772,0
DA:776,0
DA:779,0
DA:782,0
DA:783,0
DA:786,0
DA:787,0
DA:793,0
DA:796,0
DA:799,0
DA:802,0
DA:805,0
DA:808,0
DA:811,0
DA:814,0
DA:815,0
DA:818,0
DA:821,0
DA:825,0
DA:828,0
DA:831,0
DA:837,0
DA:838,0
DA:841,0
DA:844,0
DA:847,0
DA:850,0
DA:853,0
DA:856,0
DA:860,0
DA:863,0
DA:867,0
DA:871,0
DA:874,0
DA:878,0
DA:883,0
DA:908,0
DA:915,0
DA:935,0
DA:940,0
DA:945,0
DA:952,0
DA:957,0
DA:975,0
DA:987,0
DA:993,0
DA:1001,0
DA:1015,0
DA:1021,0
DA:1027,0
DA:1034,0
DA:1038,0
DA:1051,0
DA:1060,0
LF:391
LH:0
BRDA:61,0,0,0
BRDA:61,0,1,0
BRDA:62,1,0,0
BRDA:62,1,1,0
BRDA:63,2,0,0
BRDA:63,2,1,0
BRDA:91,3,0,0
BRDA:91,3,1,0
BRDA:91,3,2,0
BRDA:92,4,0,0
BRDA:92,4,1,0
BRDA:93,5,0,0
BRDA:93,5,1,0
BRDA:94,6,0,0
BRDA:94,6,1,0
BRDA:94,6,2,0
BRDA:98,7,0,0
BRDA:98,7,1,0
BRDA:100,8,0,0
BRDA:100,8,1,0
BRDA:102,9,0,0
BRDA:102,9,1,0
BRDA:104,10,0,0
BRDA:104,10,1,0
BRDA:106,11,0,0
BRDA:106,11,1,0
BRDA:114,12,0,0
BRDA:114,12,1,0
BRDA:115,13,0,0
BRDA:115,13,1,0
BRDA:121,14,0,0
BRDA:121,14,1,0
BRDA:121,15,0,0
BRDA:121,15,1,0
BRDA:122,16,0,0
BRDA:122,16,1,0
BRDA:126,17,0,0
BRDA:126,17,1,0
BRDA:126,18,0,0
BRDA:126,18,1,0
BRDA:126,18,2,0
BRDA:132,19,0,0
BRDA:132,19,1,0
BRDA:135,20,0,0
BRDA:135,20,1,0
BRDA:146,21,0,0
BRDA:148,22,0,0
BRDA:148,22,1,0
BRDA:148,22,2,0
BRDA:148,22,3,0
BRDA:164,23,0,0
BRDA:164,23,1,0
BRDA:164,23,2,0
BRDA:164,23,3,0
BRDA:178,24,0,0
BRDA:178,24,1,0
BRDA:189,25,0,0
BRDA:189,25,1,0
BRDA:189,26,0,0
BRDA:189,26,1,0
BRDA:192,27,0,0
BRDA:192,27,1,0
BRDA:218,28,0,0
BRDA:218,28,1,0
BRDA:218,29,0,0
BRDA:218,29,1,0
BRDA:221,30,0,0
BRDA:221,30,1,0
BRDA:232,31,0,0
BRDA:232,31,1,0
BRDA:232,32,0,0
BRDA:232,32,1,0
BRDA:234,33,0,0
BRDA:234,33,1,0
BRDA:253,34,0,0
BRDA:253,34,1,0
BRDA:253,35,0,0
BRDA:253,35,1,0
BRDA:256,36,0,0
BRDA:256,36,1,0
BRDA:276,37,0,0
BRDA:276,37,1,0
BRDA:283,38,0,0
BRDA:283,38,1,0
BRDA:283,39,0,0
BRDA:283,39,1,0
BRDA:286,40,0,0
BRDA:286,40,1,0
BRDA:310,41,0,0
BRDA:310,41,1,0
BRDA:310,42,0,0
BRDA:310,42,1,0
BRDA:313,43,0,0
BRDA:313,43,1,0
BRDA:332,44,0,0
BRDA:332,44,1,0
BRDA:340,45,0,0
BRDA:340,45,1,0
BRDA:340,46,0,0
BRDA:340,46,1,0
BRDA:343,47,0,0
BRDA:343,47,1,0
BRDA:363,48,0,0
BRDA:363,48,1,0
BRDA:363,49,0,0
BRDA:363,49,1,0
BRDA:366,50,0,0
BRDA:366,50,1,0
BRDA:386,51,0,0
BRDA:386,51,1,0
BRDA:386,52,0,0
BRDA:386,52,1,0
BRDA:437,53,0,0
BRDA:437,53,1,0
BRDA:437,54,0,0
BRDA:437,54,1,0
BRDA:445,55,0,0
BRDA:445,55,1,0
BRDA:445,56,0,0
BRDA:445,56,1,0
BRDA:455,57,0,0
BRDA:455,57,1,0
BRDA:455,58,0,0
BRDA:455,58,1,0
BRDA:457,59,0,0
BRDA:457,59,1,0
BRDA:460,60,0,0
BRDA:460,60,1,0
BRDA:460,61,0,0
BRDA:460,61,1,0
BRDA:469,62,0,0
BRDA:469,62,1,0
BRDA:477,63,0,0
BRDA:477,63,1,0
BRDA:504,64,0,0
BRDA:504,64,1,0
BRDA:513,65,0,0
BRDA:513,65,1,0
BRDA:513,66,0,0
BRDA:513,66,1,0
BRDA:525,67,0,0
BRDA:525,67,1,0
BRDA:525,68,0,0
BRDA:525,68,1,0
BRDA:546,69,0,0
BRDA:546,69,1,0
BRDA:557,70,0,0
BRDA:557,70,1,0
BRDA:580,71,0,0
BRDA:580,71,1,0
BRDA:580,72,0,0
BRDA:580,72,1,0
BRDA:582,73,0,0
BRDA:582,73,1,0
BRDA:585,74,0,0
BRDA:585,74,1,0
BRDA:585,75,0,0
BRDA:585,75,1,0
BRDA:605,76,0,0
BRDA:605,76,1,0
BRDA:668,77,0,0
BRDA:668,77,1,0
BRDA:668,77,2,0
BRDA:668,77,3,0
BRDA:670,78,0,0
BRDA:670,78,1,0
BRDA:670,79,0,0
BRDA:670,79,1,0
BRDA:670,80,0,0
BRDA:670,80,1,0
BRDA:670,80,2,0
BRDA:670,81,0,0
BRDA:670,81,1,0
BRDA:670,82,0,0
BRDA:670,82,1,0
BRDA:670,83,0,0
BRDA:670,83,1,0
BRDA:670,84,0,0
BRDA:670,84,1,0
BRDA:671,85,0,0
BRDA:671,85,1,0
BRDA:671,86,0,0
BRDA:671,86,1,0
BRDA:671,86,2,0
BRDA:672,87,0,0
BRDA:672,87,1,0
BRDA:673,88,0,0
BRDA:673,88,1,0
BRDA:673,88,2,0
BRDA:883,89,0,0
BRDA:883,89,1,0
BRDA:905,90,0,0
BRDA:905,90,1,0
BRDA:920,91,0,0
BRDA:920,91,1,0
BRDA:926,92,0,0
BRDA:926,92,1,0
BRDA:934,93,0,0
BRDA:934,93,1,0
BRDA:939,94,0,0
BRDA:939,94,1,0
BRDA:942,95,0,0
BRDA:942,95,1,0
BRDA:951,96,0,0
BRDA:951,96,1,0
BRDA:954,97,0,0
BRDA:954,97,1,0
BRDA:956,98,0,0
BRDA:956,98,1,0
BRDA:959,99,0,0
BRDA:959,99,1,0
BRDA:965,100,0,0
BRDA:965,100,1,0
BRDA:965,101,0,0
BRDA:965,101,1,0
BRDA:970,102,0,0
BRDA:970,102,1,0
BRDA:970,103,0,0
BRDA:970,103,1,0
BRDA:986,104,0,0
BRDA:986,104,1,0
BRDA:987,105,0,0
BRDA:987,105,1,0
BRDA:989,106,0,0
BRDA:989,106,1,0
BRDA:989,107,0,0
BRDA:989,107,1,0
BRDA:989,108,0,0
BRDA:989,108,1,0
BRDA:997,109,0,0
BRDA:997,109,1,0
BRDA:1005,110,0,0
BRDA:1005,110,1,0
BRDA:1014,111,0,0
BRDA:1014,111,1,0
BRDA:1015,112,0,0
BRDA:1015,112,1,0
BRDA:1017,113,0,0
BRDA:1017,113,1,0
BRDA:1017,114,0,0
BRDA:1017,114,1,0
BRDA:1017,115,0,0
BRDA:1017,115,1,0
BRDA:1020,116,0,0
BRDA:1020,116,1,0
BRDA:1021,117,0,0
BRDA:1021,117,1,0
BRDA:1026,118,0,0
BRDA:1026,118,1,0
BRDA:1033,119,0,0
BRDA:1033,119,1,0
BRDA:1034,120,0,0
BRDA:1034,120,1,0
BRDA:1037,121,0,0
BRDA:1037,121,1,0
BRDA:1042,122,0,0
BRDA:1042,122,1,0
BRDA:1046,123,0,0
BRDA:1046,123,1,0
BRDA:1048,124,0,0
BRDA:1048,124,1,0
BRDA:1050,125,0,0
BRDA:1050,125,1,0
BRDA:1050,126,0,0
BRDA:1050,126,1,0
BRDA:1050,127,0,0
BRDA:1050,127,1,0
BRDA:1050,128,0,0
BRDA:1050,128,1,0
BRDA:1050,129,0,0
BRDA:1050,129,1,0
BRDA:1050,130,0,0
BRDA:1050,130,1,0
BRDA:1050,131,0,0
BRDA:1050,131,1,0
BRDA:1050,132,0,0
BRDA:1050,132,1,0
BRDA:1050,133,0,0
BRDA:1050,133,1,0
BRDA:1050,134,0,0
BRDA:1050,134,1,0
BRDA:1050,135,0,0
BRDA:1050,135,1,0
BRDA:1050,136,0,0
BRDA:1050,136,1,0
BRDA:1050,137,0,0
BRDA:1050,137,1,0
BRDA:1050,138,0,0
BRDA:1050,138,1,0
BRDA:1050,139,0,0
BRDA:1050,139,1,0
BRDA:1050,140,0,0
BRDA:1050,140,1,0
BRDA:1050,141,0,0
BRDA:1050,141,1,0
BRDA:1050,142,0,0
BRDA:1050,142,1,0
BRDA:1050,143,0,0
BRDA:1050,143,1,0
BRDA:1050,144,0,0
BRDA:1050,144,1,0
BRDA:1050,145,0,0
BRDA:1050,145,1,0
BRDA:1050,146,0,0
BRDA:1050,146,1,0
BRDA:1055,147,0,0
BRDA:1055,147,1,0
BRDA:1055,148,0,0
BRDA:1055,148,1,0
BRDA:1057,149,0,0
BRDA:1057,149,1,0
BRDA:1057,150,0,0
BRDA:1057,150,1,0
BRF:313
BRH:0
end_of_record
TN:
SF:resources\js\components\client\ProductCatalog.vue
FN:5,(anonymous_0)
FN:11,(anonymous_1)
FN:15,(anonymous_2)
FN:19,(anonymous_3)
FN:24,(anonymous_4)
FN:30,(anonymous_5)
FN:34,(anonymous_6)
FN:46,(anonymous_7)
FN:55,(anonymous_8)
FN:58,(anonymous_9)
FN:62,(anonymous_10)
FN:65,(anonymous_11)
FN:72,(anonymous_12)
FN:104,(anonymous_13)
FN:108,(anonymous_14)
FN:120,(anonymous_15)
FN:123,(anonymous_16)
FN:153,_toConsumableArray
FN:154,_nonIterableSpread
FN:155,_unsupportedIterableToArray
FN:156,_iterableToArray
FN:157,_arrayWithoutHoles
FN:158,_arrayLikeToArray
FN:249,render
FN:258,(anonymous_24)
FN:261,(anonymous_25)
FN:267,onClick
FN:275,(anonymous_27)
FN:292,(anonymous_28)
FN:304,(anonymous_29)
FN:307,(anonymous_30)
FN:312,(anonymous_31)
FN:318,onClick
FNF:33
FNH:0
FNDA:0,(anonymous_0)
FNDA:0,(anonymous_1)
FNDA:0,(anonymous_2)
FNDA:0,(anonymous_3)
FNDA:0,(anonymous_4)
FNDA:0,(anonymous_5)
FNDA:0,(anonymous_6)
FNDA:0,(anonymous_7)
FNDA:0,(anonymous_8)
FNDA:0,(anonymous_9)
FNDA:0,(anonymous_10)
FNDA:0,(anonymous_11)
FNDA:0,(anonymous_12)
FNDA:0,(anonymous_13)
FNDA:0,(anonymous_14)
FNDA:0,(anonymous_15)
FNDA:0,(anonymous_16)
FNDA:0,_toConsumableArray
FNDA:0,_nonIterableSpread
FNDA:0,_unsupportedIterableToArray
FNDA:0,_iterableToArray
FNDA:0,_arrayWithoutHoles
FNDA:0,_arrayLikeToArray
FNDA:0,render
FNDA:0,(anonymous_24)
FNDA:0,(anonymous_25)
FNDA:0,onClick
FNDA:0,(anonymous_27)
FNDA:0,(anonymous_28)
FNDA:0,(anonymous_29)
FNDA:0,(anonymous_30)
FNDA:0,(anonymous_31)
FNDA:0,onClick
DA:6,0
DA:7,0
DA:8,0
DA:9,0
DA:10,0
DA:11,0
DA:12,0
DA:13,0
DA:15,0
DA:16,0
DA:19,0
DA:20,0
DA:23,0
DA:24,0
DA:28,0
DA:29,0
DA:30,0
DA:32,0
DA:34,0
DA:35,0
DA:36,0
DA:37,0
DA:38,0
DA:40,0
DA:41,0
DA:43,0
DA:46,0
DA:47,0
DA:48,0
DA:49,0
DA:51,0
DA:52,0
DA:55,0
DA:56,0
DA:58,0
DA:59,0
DA:60,0
DA:62,0
DA:63,0
DA:65,0
DA:66,0
DA:67,0
DA:69,0
DA:70,0
DA:72,0
DA:74,0
DA:75,0
DA:79,0
DA:82,0
DA:83,0
DA:87,0
DA:102,0
DA:104,0
DA:105,0
DA:106,0
DA:108,0
DA:109,0
DA:110,0
DA:114,0
DA:116,0
DA:117,0
DA:120,0
DA:121,0
DA:123,0
DA:124,0
DA:125,0
DA:127,0
DA:146,0
DA:148,0
DA:151,0
DA:152,0
DA:153,0
DA:154,0
DA:155,0
DA:156,0
DA:157,0
DA:158,0
DA:159,0
DA:162,0
DA:165,0
DA:168,0
DA:171,0
DA:174,0
DA:177,0
DA:178,0
DA:181,0
DA:184,0
DA:187,0
DA:193,0
DA:197,0
DA:201,0
DA:205,0
DA:208,0
DA:211,0
DA:212,0
DA:216,0
DA:219,0
DA:222,0
DA:225,0
DA:228,0
DA:231,0
DA:235,0
DA:238,0
DA:241,0
DA:245,0
DA:248,0
DA:250,0
DA:259,0
DA:262,0
DA:268,0
DA:276,0
DA:293,0
DA:305,0
DA:308,0
DA:313,0
DA:319,0
DA:326,0
LF:117
LH:0
BRDA:12,0,0,0
BRDA:12,0,1,0
BRDA:16,1,0,0
BRDA:16,1,1,0
BRDA:23,2,0,0
BRDA:23,2,1,0
BRDA:28,3,0,0
BRDA:28,3,1,0
BRDA:30,4,0,0
BRDA:30,4,1,0
BRDA:30,4,2,0
BRDA:58,5,0,0
BRDA:59,6,0,0
BRDA:59,6,1,0
BRDA:60,7,0,0
BRDA:60,7,1,0
BRDA:66,8,0,0
BRDA:66,8,1,0
BRDA:66,9,0,0
BRDA:66,9,1,0
BRDA:74,10,0,0
BRDA:74,10,1,0
BRDA:74,11,0,0
BRDA:74,11,1,0
BRDA:82,12,0,0
BRDA:82,12,1,0
BRDA:120,13,0,0
BRDA:153,14,0,0
BRDA:153,14,1,0
BRDA:153,14,2,0
BRDA:153,14,3,0
BRDA:155,15,0,0
BRDA:155,15,1,0
BRDA:155,16,0,0
BRDA:155,16,1,0
BRDA:155,17,0,0
BRDA:155,17,1,0
BRDA:155,17,2,0
BRDA:155,18,0,0
BRDA:155,18,1,0
BRDA:155,19,0,0
BRDA:155,19,1,0
BRDA:155,20,0,0
BRDA:155,20,1,0
BRDA:155,21,0,0
BRDA:155,21,1,0
BRDA:156,22,0,0
BRDA:156,22,1,0
BRDA:156,23,0,0
BRDA:156,23,1,0
BRDA:156,23,2,0
BRDA:157,24,0,0
BRDA:157,24,1,0
BRDA:158,25,0,0
BRDA:158,25,1,0
BRDA:158,25,2,0
BRDA:250,26,0,0
BRDA:250,26,1,0
BRDA:258,27,0,0
BRDA:258,27,1,0
BRDA:275,28,0,0
BRDA:275,28,1,0
BRDA:278,29,0,0
BRDA:278,29,1,0
BRDA:283,30,0,0
BRDA:283,30,1,0
BRDA:283,31,0,0
BRDA:283,31,1,0
BRDA:288,32,0,0
BRDA:288,32,1,0
BRDA:288,33,0,0
BRDA:288,33,1,0
BRDA:304,34,0,0
BRDA:304,34,1,0
BRDA:305,35,0,0
BRDA:305,35,1,0
BRDA:307,36,0,0
BRDA:307,36,1,0
BRDA:307,37,0,0
BRDA:307,37,1,0
BRDA:307,38,0,0
BRDA:307,38,1,0
BRDA:312,39,0,0
BRDA:312,39,1,0
BRDA:312,40,0,0
BRDA:312,40,1,0
BRDA:322,41,0,0
BRDA:322,41,1,0
BRF:88
BRH:0
end_of_record
TN:
SF:resources\js\components\client\ShoppingCart.vue
FN:9,(anonymous_0)
FN:19,(anonymous_1)
FN:20,(anonymous_2)
FN:22,(anonymous_3)
FN:68,(anonymous_4)
FN:73,(anonymous_5)
FN:78,(anonymous_6)
FN:99,(anonymous_7)
FN:109,(anonymous_8)
FN:133,(anonymous_9)
FN:159,(anonymous_10)
FN:165,(anonymous_11)
FN:173,(anonymous_12)
FN:193,(anonymous_13)
FN:208,(anonymous_14)
FN:231,(anonymous_15)
FN:235,(anonymous_16)
FN:240,(anonymous_17)
FN:265,(anonymous_18)
FN:268,(anonymous_19)
FN:280,_toConsumableArray
FN:281,_nonIterableSpread
FN:282,_unsupportedIterableToArray
FN:283,_iterableToArray
FN:284,_arrayWithoutHoles
FN:285,_arrayLikeToArray
FN:360,render
FN:365,(anonymous_27)
FN:373,(anonymous_28)
FN:378,(anonymous_29)
FN:384,(anonymous_30)
FN:401,(anonymous_31)
FN:404,(anonymous_32)
FN:417,(anonymous_33)
FN:421,onClick
FN:430,onClick
FN:436,onUpdateModelValue
FN:440,onChange
FN:446,onClick
FN:453,(anonymous_39)
FN:459,(anonymous_40)
FNF:41
FNH:0
FNDA:0,(anonymous_0)
FNDA:0,(anonymous_1)
FNDA:0,(anonymous_2)
FNDA:0,(anonymous_3)
FNDA:0,(anonymous_4)
FNDA:0,(anonymous_5)
FNDA:0,(anonymous_6)
FNDA:0,(anonymous_7)
FNDA:0,(anonymous_8)
FNDA:0,(anonymous_9)
FNDA:0,(anonymous_10)
FNDA:0,(anonymous_11)
FNDA:0,(anonymous_12)
FNDA:0,(anonymous_13)
FNDA:0,(anonymous_14)
FNDA:0,(anonymous_15)
FNDA:0,(anonymous_16)
FNDA:0,(anonymous_17)
FNDA:0,(anonymous_18)
FNDA:0,(anonymous_19)
FNDA:0,_toConsumableArray
FNDA:0,_nonIterableSpread
FNDA:0,_unsupportedIterableToArray
FNDA:0,_iterableToArray
FNDA:0,_arrayWithoutHoles
FNDA:0,_arrayLikeToArray
FNDA:0,render
FNDA:0,(anonymous_27)
FNDA:0,(anonymous_28)
FNDA:0,(anonymous_29)
FNDA:0,(anonymous_30)
FNDA:0,(anonymous_31)
FNDA:0,(anonymous_32)
FNDA:0,(anonymous_33)
FNDA:0,onClick
FNDA:0,onClick
FNDA:0,onUpdateModelValue
FNDA:0,onChange
FNDA:0,onClick
FNDA:0,(anonymous_39)
FNDA:0,(anonymous_40)
DA:10,0
DA:16,0
DA:17,0
DA:18,0
DA:19,0
DA:20,0
DA:22,0
DA:24,0
DA:25,0
DA:29,0
DA:32,0
DA:33,0
DA:36,0
DA:37,0
DA:41,0
DA:42,0
DA:46,0
DA:47,0
DA:51,0
DA:66,0
DA:68,0
DA:69,0
DA:71,0
DA:73,0
DA:74,0
DA:78,0
DA:79,0
DA:80,0
DA:81,0
DA:82,0
DA:83,0
DA:84,0
DA:85,0
DA:86,0
DA:87,0
DA:89,0
DA:90,0
DA:93,0
DA:94,0
DA:96,0
DA:99,0
DA:100,0
DA:109,0
DA:110,0
DA:111,0
DA:112,0
DA:113,0
DA:117,0
DA:118,0
DA:119,0
DA:120,0
DA:121,0
DA:123,0
DA:125,0
DA:126,0
DA:128,0
DA:133,0
DA:134,0
DA:135,0
DA:137,0
DA:138,0
DA:140,0
DA:144,0
DA:145,0
DA:146,0
DA:149,0
DA:150,0
DA:152,0
DA:154,0
DA:159,0
DA:160,0
DA:161,0
DA:165,0
DA:166,0
DA:167,0
DA:168,0
DA:173,0
DA:174,0
DA:175,0
DA:176,0
DA:179,0
DA:180,0
DA:181,0
DA:183,0
DA:185,0
DA:186,0
DA:188,0
DA:190,0
DA:193,0
DA:195,0
DA:198,0
DA:201,0
DA:206,0
DA:208,0
DA:209,0
DA:211,0
DA:212,0
DA:213,0
DA:214,0
DA:216,0
DA:220,0
DA:221,0
DA:223,0
DA:224,0
DA:227,0
DA:228,0
DA:231,0
DA:232,0
DA:235,0
DA:236,0
DA:240,0
DA:241,0
DA:244,0
DA:266,0
DA:269,0
DA:273,0
DA:275,0
DA:278,0
DA:279,0
DA:280,0
DA:281,0
DA:282,0
DA:283,0
DA:284,0
DA:285,0
DA:286,0
DA:289,0
DA:293,0
DA:296,0
DA:299,0
DA:303,0
DA:307,0
DA:310,0
DA:313,0
DA:316,0
DA:319,0
DA:320,0
DA:323,0
DA:326,0
DA:329,0
DA:330,0
DA:333,0
DA:339,0
DA:340,0
DA:341,0
DA:342,0
DA:345,0
DA:348,0
DA:351,0
DA:354,0
DA:357,0
DA:361,0
DA:362,0
DA:366,0
DA:374,0
DA:385,0
DA:402,0
DA:405,0
DA:418,0
DA:422,0
DA:431,0
DA:437,0
DA:441,0
DA:447,0
DA:454,0
DA:460,0
DA:467,0
LF:167
LH:0
BRDA:24,0,0,0
BRDA:24,0,1,0
BRDA:24,1,0,0
BRDA:24,1,1,0
BRDA:24,1,2,0
BRDA:32,2,0,0
BRDA:32,2,1,0
BRDA:33,3,0,0
BRDA:33,3,1,0
BRDA:33,3,2,0
BRDA:36,4,0,0
BRDA:36,4,1,0
BRDA:41,5,0,0
BRDA:41,5,1,0
BRDA:46,6,0,0
BRDA:46,6,1,0
BRDA:84,7,0,0
BRDA:84,7,1,0
BRDA:84,8,0,0
BRDA:84,8,1,0
BRDA:86,9,0,0
BRDA:86,9,1,0
BRDA:109,10,0,0
BRDA:118,11,0,0
BRDA:118,11,1,0
BRDA:118,12,0,0
BRDA:118,12,1,0
BRDA:120,13,0,0
BRDA:120,13,1,0
BRDA:137,14,0,0
BRDA:137,14,1,0
BRDA:144,15,0,0
BRDA:144,15,1,0
BRDA:144,16,0,0
BRDA:144,16,1,0
BRDA:146,17,0,0
BRDA:146,17,1,0
BRDA:166,18,0,0
BRDA:166,18,1,0
BRDA:179,19,0,0
BRDA:179,19,1,0
BRDA:179,20,0,0
BRDA:179,20,1,0
BRDA:181,21,0,0
BRDA:181,21,1,0
BRDA:212,22,0,0
BRDA:212,22,1,0
BRDA:212,23,0,0
BRDA:212,23,1,0
BRDA:280,24,0,0
BRDA:280,24,1,0
BRDA:280,24,2,0
BRDA:280,24,3,0
BRDA:282,25,0,0
BRDA:282,25,1,0
BRDA:282,26,0,0
BRDA:282,26,1,0
BRDA:282,27,0,0
BRDA:282,27,1,0
BRDA:282,27,2,0
BRDA:282,28,0,0
BRDA:282,28,1,0
BRDA:282,29,0,0
BRDA:282,29,1,0
BRDA:282,30,0,0
BRDA:282,30,1,0
BRDA:282,31,0,0
BRDA:282,31,1,0
BRDA:283,32,0,0
BRDA:283,32,1,0
BRDA:283,33,0,0
BRDA:283,33,1,0
BRDA:283,33,2,0
BRDA:284,34,0,0
BRDA:284,34,1,0
BRDA:285,35,0,0
BRDA:285,35,1,0
BRDA:285,35,2,0
BRDA:365,36,0,0
BRDA:365,36,1,0
BRDA:368,37,0,0
BRDA:368,37,1,0
BRDA:370,38,0,0
BRDA:370,38,1,0
BRDA:370,39,0,0
BRDA:370,39,1,0
BRDA:370,40,0,0
BRDA:370,40,1,0
BRDA:373,41,0,0
BRDA:373,41,1,0
BRDA:378,42,0,0
BRDA:378,42,1,0
BRDA:379,43,0,0
BRDA:379,43,1,0
BRDA:384,44,0,0
BRDA:384,44,1,0
BRDA:388,45,0,0
BRDA:388,45,1,0
BRDA:388,46,0,0
BRDA:388,46,1,0
BRDA:395,47,0,0
BRDA:395,47,1,0
BRDA:395,48,0,0
BRDA:395,48,1,0
BRDA:397,49,0,0
BRDA:397,49,1,0
BRDA:399,50,0,0
BRDA:399,50,1,0
BRDA:401,51,0,0
BRDA:401,51,1,0
BRDA:417,52,0,0
BRDA:417,52,1,0
BRDA:418,53,0,0
BRDA:418,53,1,0
BRDA:425,54,0,0
BRDA:425,54,1,0
BRDA:450,55,0,0
BRDA:450,55,1,0
BRDA:452,56,0,0
BRDA:452,56,1,0
BRDA:452,57,0,0
BRDA:452,57,1,0
BRDA:453,58,0,0
BRDA:453,58,1,0
BRDA:454,59,0,0
BRDA:454,59,1,0
BRDA:459,60,0,0
BRDA:459,60,1,0
BRDA:462,61,0,0
BRDA:462,61,1,0
BRF:130
BRH:0
end_of_record
TN:
SF:resources\js\middleware\auth.js
FN:4,(anonymous_0)
FN:12,(anonymous_1)
FN:20,(anonymous_2)
FNF:3
FNH:0
FNDA:0,(anonymous_0)
FNDA:0,(anonymous_1)
FNDA:0,(anonymous_2)
DA:5,0
DA:6,0
DA:8,0
DA:13,0
DA:14,0
DA:16,0
DA:21,0
DA:22,0
DA:24,0
LF:9
LH:0
BRDA:5,0,0,0
BRDA:5,0,1,0
BRDA:13,1,0,0
BRDA:13,1,1,0
BRDA:21,2,0,0
BRDA:21,2,1,0
BRDA:21,3,0,0
BRDA:21,3,1,0
BRF:8
BRH:0
end_of_record
TN:
SF:resources\js\services\CartService.js
FN:2,(anonymous_0)
FN:7,(anonymous_1)
FN:12,(anonymous_2)
FN:16,(anonymous_3)
FN:18,(anonymous_4)
FN:49,(anonymous_5)
FN:79,(anonymous_6)
FN:95,(anonymous_7)
FN:100,(anonymous_8)
FN:101,(anonymous_9)
FN:104,(anonymous_10)
FN:108,(anonymous_11)
FNF:12
FNH:10
FNDA:13,(anonymous_0)
FNDA:10,(anonymous_1)
FNDA:3,(anonymous_2)
FNDA:4,(anonymous_3)
FNDA:2,(anonymous_4)
FNDA:4,(anonymous_5)
FNDA:0,(anonymous_6)
FNDA:0,(anonymous_7)
FNDA:2,(anonymous_8)
FNDA:4,(anonymous_9)
FNDA:2,(anonymous_10)
FNDA:1,(anonymous_11)
DA:3,13
DA:4,13
DA:8,10
DA:9,10
DA:13,3
DA:17,4
DA:18,4
DA:20,4
DA:22,2
DA:25,2
DA:26,1
DA:32,1
DA:35,2
DA:36,1
DA:42,1
DA:45,2
DA:46,2
DA:50,4
DA:52,4
DA:53,1
DA:59,3
DA:60,1
DA:66,2
DA:67,1
DA:73,1
DA:74,1
DA:76,1
DA:80,0
DA:82,0
DA:83,0
DA:89,0
DA:90,0
DA:92,0
DA:96,0
DA:97,0
DA:101,4
DA:105,2
DA:109,1
DA:110,1
DA:111,1
LF:40
LH:32
BRDA:9,0,0,7
BRDA:9,0,1,3
BRDA:16,1,0,0
BRDA:20,2,0,2
BRDA:20,2,1,2
BRDA:25,3,0,1
BRDA:25,3,1,1
BRDA:35,4,0,1
BRDA:35,4,1,1
BRDA:52,5,0,1
BRDA:52,5,1,3
BRDA:52,6,0,4
BRDA:52,6,1,4
BRDA:59,7,0,1
BRDA:59,7,1,2
BRDA:66,8,0,1
BRDA:66,8,1,1
BRDA:82,9,0,0
BRDA:82,9,1,0
BRDA:82,10,0,0
BRDA:82,10,1,0
BRF:21
BRH:16
end_of_record
TN:
SF:resources\js\services\auth.js
FN:7,(anonymous_0)
FN:14,(anonymous_1)
FN:21,(anonymous_2)
FN:22,(anonymous_3)
FN:27,(anonymous_4)
FN:32,(anonymous_5)
FN:36,(anonymous_6)
FN:40,(anonymous_7)
FN:50,(anonymous_8)
FN:56,(anonymous_9)
FN:60,(anonymous_10)
FN:65,(anonymous_11)
FNF:12
FNH:0
FNDA:0,(anonymous_0)
FNDA:0,(anonymous_1)
FNDA:0,(anonymous_2)
FNDA:0,(anonymous_3)
FNDA:0,(anonymous_4)
FNDA:0,(anonymous_5)
FNDA:0,(anonymous_6)
FNDA:0,(anonymous_7)
FNDA:0,(anonymous_8)
FNDA:0,(anonymous_9)
FNDA:0,(anonymous_10)
FNDA:0,(anonymous_11)
DA:3,0
DA:4,0
DA:8,0
DA:15,0
DA:16,0
DA:17,0
DA:22,0
DA:23,0
DA:28,0
DA:29,0
DA:33,0
DA:37,0
DA:41,0
DA:42,0
DA:43,0
DA:44,0
DA:46,0
DA:51,0
DA:52,0
DA:53,0
DA:57,0
DA:61,0
DA:62,0
DA:66,0
DA:67,0
DA:68,0
DA:69,0
DA:71,0
LF:28
LH:0
BRDA:42,0,0,0
BRDA:42,0,1,0
BRDA:62,1,0,0
BRDA:62,1,1,0
BRDA:67,2,0,0
BRDA:67,2,1,0
BRF:6
BRH:0
end_of_record
TN:
SF:resources\js\services\event-bus.js
FN:13,(anonymous_0)
FN:15,(anonymous_1)
FN:26,(anonymous_2)
FN:38,(anonymous_3)
FN:40,(anonymous_4)
FNF:5
FNH:0
FNDA:0,(anonymous_0)
FNDA:0,(anonymous_1)
FNDA:0,(anonymous_2)
FNDA:0,(anonymous_3)
FNDA:0,(anonymous_4)
DA:5,0
DA:7,0
DA:14,0
DA:15,0
DA:16,0
DA:27,0
DA:28,0
DA:30,0
DA:39,0
DA:40,0
LF:10
LH:0
BRDA:14,0,0,0
BRDA:14,0,1,0
BRDA:27,1,0,0
BRDA:27,1,1,0
BRDA:39,2,0,0
BRDA:39,2,1,0
BRF:6
BRH:0
end_of_record
TN:
SF:resources\js\services\toast-service.js
FN:12,(anonymous_0)
FN:59,(anonymous_1)
FN:71,(anonymous_2)
FN:76,(anonymous_3)
FN:90,(anonymous_4)
FN:99,(anonymous_5)
FN:124,(anonymous_6)
FN:144,(anonymous_7)
FN:153,(anonymous_8)
FN:162,(anonymous_9)
FN:171,(anonymous_10)
FNF:11
FNH:0
FNDA:0,(anonymous_0)
FNDA:0,(anonymous_1)
FNDA:0,(anonymous_2)
FNDA:0,(anonymous_3)
FNDA:0,(anonymous_4)
FNDA:0,(anonymous_5)
FNDA:0,(anonymous_6)
FNDA:0,(anonymous_7)
FNDA:0,(anonymous_8)
FNDA:0,(anonymous_9)
FNDA:0,(anonymous_10)
DA:5,0
DA:13,0
DA:15,0
DA:16,0
DA:17,0
DA:18,0
DA:19,0
DA:20,0
DA:21,0
DA:22,0
DA:23,0
DA:27,0
DA:28,0
DA:29,0
DA:30,0
DA:31,0
DA:32,0
DA:33,0
DA:34,0
DA:35,0
DA:36,0
DA:37,0
DA:38,0
DA:39,0
DA:40,0
DA:41,0
DA:44,0
DA:45,0
DA:48,0
DA:49,0
DA:50,0
DA:51,0
DA:52,0
DA:53,0
DA:54,0
DA:55,0
DA:56,0
DA:59,0
DA:60,0
DA:64,0
DA:65,0
DA:68,0
DA:71,0
DA:72,0
DA:76,0
DA:77,0
DA:80,0
DA:82,0
DA:91,0
DA:92,0
DA:93,0
DA:96,0
DA:99,0
DA:100,0
DA:101,0
DA:102,0
DA:103,0
DA:106,0
DA:107,0
DA:111,0
DA:115,0
DA:125,0
DA:127,0
DA:129,0
DA:131,0
DA:133,0
DA:135,0
DA:145,0
DA:154,0
DA:163,0
DA:172,0
LF:71
LH:0
BRDA:12,0,0,0
BRDA:12,1,0,0
BRDA:16,2,0,0
BRDA:16,2,1,0
BRDA:93,3,0,0
BRDA:93,3,1,0
BRDA:102,4,0,0
BRDA:102,4,1,0
BRDA:102,5,0,0
BRDA:102,5,1,0
BRDA:102,5,2,0
BRDA:106,6,0,0
BRDA:106,6,1,0
BRDA:125,7,0,0
BRDA:125,7,1,0
BRDA:125,7,2,0
BRDA:125,7,3,0
BRDA:125,7,4,0
BRDA:144,8,0,0
BRDA:153,9,0,0
BRDA:162,10,0,0
BRDA:171,11,0,0
BRF:22
BRH:0
end_of_record
