TN:
SF:resources\js\bootstrap.js
FNF:0
FNH:0
DA:1,0
DA:9,0
DA:11,0
LF:3
LH:0
BRF:0
BRH:0
end_of_record
TN:
SF:resources\js\routes.js
FN:1,(anonymous_0)
FN:4,(anonymous_1)
FN:5,(anonymous_2)
FN:6,(anonymous_3)
FNF:4
FNH:0
FNDA:0,(anonymous_0)
FNDA:0,(anonymous_1)
FNDA:0,(anonymous_2)
FNDA:0,(anonymous_3)
DA:1,0
DA:4,0
DA:5,0
DA:6,0
DA:8,0
LF:5
LH:0
BRF:0
BRH:0
end_of_record
TN:
SF:resources\js\components\App.vue
FN:3,(anonymous_0)
FN:50,render
FN:73,(anonymous_2)
FN:82,(anonymous_3)
FNF:4
FNH:0
FNDA:0,(anonymous_0)
FNDA:0,render
FNDA:0,(anonymous_2)
FNDA:0,(anonymous_3)
DA:6,0
DA:10,0
DA:11,0
DA:15,0
DA:20,0
DA:23,0
DA:24,0
DA:25,0
DA:28,0
DA:31,0
DA:34,0
DA:38,0
DA:41,0
DA:44,0
DA:47,0
DA:51,0
DA:52,0
DA:53,0
DA:74,0
DA:83,0
DA:91,0
LF:21
LH:0
BRDA:53,0,0,0
BRDA:53,0,1,0
BRDA:58,1,0,0
BRDA:58,1,1,0
BRDA:74,2,0,0
BRDA:74,2,1,0
BRDA:83,3,0,0
BRDA:83,3,1,0
BRDA:86,4,0,0
BRDA:86,4,1,0
BRF:10
BRH:0
end_of_record
TN:
SF:resources\js\components\Home.vue
FN:3,(anonymous_0)
FN:40,render
FN:56,(anonymous_2)
FNF:3
FNH:0
FNDA:0,(anonymous_0)
FNDA:0,render
FNDA:0,(anonymous_2)
DA:6,0
DA:10,0
DA:11,0
DA:15,0
DA:20,0
DA:23,0
DA:24,0
DA:25,0
DA:28,0
DA:31,0
DA:34,0
DA:37,0
DA:41,0
DA:42,0
DA:57,0
DA:63,0
LF:16
LH:0
BRDA:42,0,0,0
BRDA:42,0,1,0
BRDA:50,1,0,0
BRDA:50,1,1,0
BRDA:57,2,0,0
BRDA:57,2,1,0
BRF:6
BRH:0
end_of_record
TN:
SF:resources\js\components\ProductCard.vue
FN:17,(anonymous_0)
FN:20,(anonymous_1)
FN:51,render
FN:57,(anonymous_3)
FNF:4
FNH:4
FNDA:4,(anonymous_0)
FNDA:1,(anonymous_1)
FNDA:4,render
FNDA:1,(anonymous_3)
DA:4,1
DA:7,1
DA:8,1
DA:18,4
DA:21,1
DA:22,1
DA:27,1
DA:29,1
DA:32,1
DA:33,1
DA:34,1
DA:37,1
DA:38,1
DA:41,1
DA:44,1
DA:47,1
DA:50,1
DA:52,4
DA:58,1
DA:63,1
LF:20
LH:20
BRDA:21,0,0,1
BRDA:21,0,1,0
BRDA:57,1,0,4
BRDA:57,1,1,4
BRDA:58,2,0,1
BRDA:58,2,1,1
BRDA:62,3,0,3
BRDA:62,3,1,1
BRF:8
BRH:7
end_of_record
TN:
SF:resources\js\components\blog\Crear.vue
FN:5,(anonymous_0)
FN:34,(anonymous_1)
FN:35,(anonymous_2)
FN:36,(anonymous_3)
FN:36,(anonymous_4)
FN:39,(anonymous_5)
FN:47,(anonymous_6)
FN:61,(anonymous_7)
FN:64,(anonymous_8)
FN:205,render
FN:211,(anonymous_10)
FN:220,(anonymous_11)
FN:230,(anonymous_12)
FN:241,(anonymous_13)
FN:250,(anonymous_14)
FN:260,(anonymous_15)
FN:275,(anonymous_16)
FN:290,(anonymous_17)
FN:306,(anonymous_18)
FN:320,(anonymous_19)
FN:330,(anonymous_20)
FN:340,(anonymous_21)
FN:350,(anonymous_22)
FN:363,(anonymous_23)
FN:374,(anonymous_24)
FN:385,(anonymous_25)
FN:399,(anonymous_26)
FN:409,(anonymous_27)
FN:418,(anonymous_28)
FN:434,(anonymous_29)
FN:444,(anonymous_30)
FN:457,(anonymous_31)
FN:468,(anonymous_32)
FN:476,(anonymous_33)
FNF:34
FNH:0
FNDA:0,(anonymous_0)
FNDA:0,(anonymous_1)
FNDA:0,(anonymous_2)
FNDA:0,(anonymous_3)
FNDA:0,(anonymous_4)
FNDA:0,(anonymous_5)
FNDA:0,(anonymous_6)
FNDA:0,(anonymous_7)
FNDA:0,(anonymous_8)
FNDA:0,render
FNDA:0,(anonymous_10)
FNDA:0,(anonymous_11)
FNDA:0,(anonymous_12)
FNDA:0,(anonymous_13)
FNDA:0,(anonymous_14)
FNDA:0,(anonymous_15)
FNDA:0,(anonymous_16)
FNDA:0,(anonymous_17)
FNDA:0,(anonymous_18)
FNDA:0,(anonymous_19)
FNDA:0,(anonymous_20)
FNDA:0,(anonymous_21)
FNDA:0,(anonymous_22)
FNDA:0,(anonymous_23)
FNDA:0,(anonymous_24)
FNDA:0,(anonymous_25)
FNDA:0,(anonymous_26)
FNDA:0,(anonymous_27)
FNDA:0,(anonymous_28)
FNDA:0,(anonymous_29)
FNDA:0,(anonymous_30)
FNDA:0,(anonymous_31)
FNDA:0,(anonymous_32)
FNDA:0,(anonymous_33)
DA:6,0
DA:7,0
DA:31,0
DA:32,0
DA:33,0
DA:34,0
DA:36,0
DA:39,0
DA:40,0
DA:41,0
DA:42,0
DA:44,0
DA:47,0
DA:48,0
DA:49,0
DA:50,0
DA:53,0
DA:54,0
DA:55,0
DA:57,0
DA:61,0
DA:62,0
DA:64,0
DA:65,0
DA:66,0
DA:67,0
DA:68,0
DA:69,0
DA:70,0
DA:71,0
DA:73,0
DA:76,0
DA:81,0
DA:82,0
DA:86,0
DA:87,0
DA:88,0
DA:92,0
DA:93,0
DA:104,0
DA:106,0
DA:109,0
DA:110,0
DA:111,0
DA:114,0
DA:117,0
DA:120,0
DA:123,0
DA:126,0
DA:129,0
DA:132,0
DA:135,0
DA:138,0
DA:139,0
DA:142,0
DA:145,0
DA:148,0
DA:151,0
DA:154,0
DA:157,0
DA:160,0
DA:163,0
DA:166,0
DA:169,0
DA:172,0
DA:175,0
DA:178,0
DA:181,0
DA:184,0
DA:187,0
DA:190,0
DA:193,0
DA:196,0
DA:199,0
DA:202,0
DA:206,0
DA:212,0
DA:221,0
DA:231,0
DA:242,0
DA:251,0
DA:261,0
DA:276,0
DA:291,0
DA:307,0
DA:321,0
DA:331,0
DA:341,0
DA:351,0
DA:364,0
DA:375,0
DA:386,0
DA:400,0
DA:410,0
DA:419,0
DA:435,0
DA:445,0
DA:458,0
DA:469,0
DA:477,0
DA:484,0
LF:101
LH:0
BRDA:48,0,0,0
BRDA:48,0,1,0
BRDA:68,1,0,0
BRDA:68,1,1,0
BRDA:68,2,0,0
BRDA:68,2,1,0
BRDA:70,3,0,0
BRDA:70,3,1,0
BRDA:70,4,0,0
BRDA:70,4,1,0
BRDA:87,5,0,0
BRDA:87,5,1,0
BRDA:206,6,0,0
BRDA:206,6,1,0
BRDA:211,7,0,0
BRDA:211,7,1,0
BRDA:212,8,0,0
BRDA:212,8,1,0
BRDA:215,9,0,0
BRDA:215,9,1,0
BRDA:220,10,0,0
BRDA:220,10,1,0
BRDA:226,11,0,0
BRDA:226,11,1,0
BRDA:230,12,0,0
BRDA:230,12,1,0
BRDA:237,13,0,0
BRDA:237,13,1,0
BRDA:241,14,0,0
BRDA:241,14,1,0
BRDA:247,15,0,0
BRDA:247,15,1,0
BRDA:255,16,0,0
BRDA:255,16,1,0
BRDA:260,17,0,0
BRDA:260,17,1,0
BRDA:270,18,0,0
BRDA:270,18,1,0
BRDA:275,19,0,0
BRDA:275,19,1,0
BRDA:285,20,0,0
BRDA:285,20,1,0
BRDA:290,21,0,0
BRDA:290,21,1,0
BRDA:301,22,0,0
BRDA:301,22,1,0
BRDA:306,23,0,0
BRDA:306,23,1,0
BRDA:315,24,0,0
BRDA:315,24,1,0
BRDA:320,25,0,0
BRDA:320,25,1,0
BRDA:325,26,0,0
BRDA:325,26,1,0
BRDA:330,27,0,0
BRDA:330,27,1,0
BRDA:335,28,0,0
BRDA:335,28,1,0
BRDA:340,29,0,0
BRDA:340,29,1,0
BRDA:345,30,0,0
BRDA:345,30,1,0
BRDA:350,31,0,0
BRDA:350,31,1,0
BRDA:359,32,0,0
BRDA:359,32,1,0
BRDA:363,33,0,0
BRDA:363,33,1,0
BRDA:374,34,0,0
BRDA:374,34,1,0
BRDA:385,35,0,0
BRDA:385,35,1,0
BRDA:394,36,0,0
BRDA:394,36,1,0
BRDA:399,37,0,0
BRDA:399,37,1,0
BRDA:404,38,0,0
BRDA:404,38,1,0
BRDA:409,39,0,0
BRDA:409,39,1,0
BRDA:414,40,0,0
BRDA:414,40,1,0
BRDA:418,41,0,0
BRDA:418,41,1,0
BRDA:423,42,0,0
BRDA:423,42,1,0
BRDA:429,43,0,0
BRDA:429,43,1,0
BRDA:434,44,0,0
BRDA:434,44,1,0
BRDA:439,45,0,0
BRDA:439,45,1,0
BRDA:444,46,0,0
BRDA:444,46,1,0
BRDA:452,47,0,0
BRDA:452,47,1,0
BRDA:457,48,0,0
BRDA:457,48,1,0
BRDA:458,49,0,0
BRDA:458,49,1,0
BRDA:463,50,0,0
BRDA:463,50,1,0
BRDA:468,51,0,0
BRDA:468,51,1,0
BRDA:476,52,0,0
BRDA:476,52,1,0
BRDA:477,53,0,0
BRDA:477,53,1,0
BRDA:480,54,0,0
BRDA:480,54,1,0
BRF:110
BRH:0
end_of_record
TN:
SF:resources\js\components\blog\Editar.vue
FN:5,(anonymous_0)
FN:34,(anonymous_1)
FN:35,(anonymous_2)
FN:36,(anonymous_3)
FN:36,(anonymous_4)
FN:40,(anonymous_5)
FN:59,(anonymous_6)
FN:67,(anonymous_7)
FN:70,(anonymous_8)
FN:95,(anonymous_9)
FN:208,render
FN:220,(anonymous_11)
FN:229,(anonymous_12)
FN:239,(anonymous_13)
FN:250,(anonymous_14)
FN:256,(anonymous_15)
FN:266,(anonymous_16)
FN:279,(anonymous_17)
FN:292,(anonymous_18)
FN:306,(anonymous_19)
FN:318,(anonymous_20)
FN:328,(anonymous_21)
FN:338,(anonymous_22)
FN:348,(anonymous_23)
FN:359,(anonymous_24)
FN:368,(anonymous_25)
FN:377,(anonymous_26)
FN:389,(anonymous_27)
FN:399,(anonymous_28)
FN:408,(anonymous_29)
FN:424,(anonymous_30)
FN:434,(anonymous_31)
FN:445,(anonymous_32)
FNF:33
FNH:0
FNDA:0,(anonymous_0)
FNDA:0,(anonymous_1)
FNDA:0,(anonymous_2)
FNDA:0,(anonymous_3)
FNDA:0,(anonymous_4)
FNDA:0,(anonymous_5)
FNDA:0,(anonymous_6)
FNDA:0,(anonymous_7)
FNDA:0,(anonymous_8)
FNDA:0,(anonymous_9)
FNDA:0,render
FNDA:0,(anonymous_11)
FNDA:0,(anonymous_12)
FNDA:0,(anonymous_13)
FNDA:0,(anonymous_14)
FNDA:0,(anonymous_15)
FNDA:0,(anonymous_16)
FNDA:0,(anonymous_17)
FNDA:0,(anonymous_18)
FNDA:0,(anonymous_19)
FNDA:0,(anonymous_20)
FNDA:0,(anonymous_21)
FNDA:0,(anonymous_22)
FNDA:0,(anonymous_23)
FNDA:0,(anonymous_24)
FNDA:0,(anonymous_25)
FNDA:0,(anonymous_26)
FNDA:0,(anonymous_27)
FNDA:0,(anonymous_28)
FNDA:0,(anonymous_29)
FNDA:0,(anonymous_30)
FNDA:0,(anonymous_31)
FNDA:0,(anonymous_32)
DA:6,0
DA:7,0
DA:8,0
DA:32,0
DA:33,0
DA:34,0
DA:36,0
DA:39,0
DA:40,0
DA:41,0
DA:42,0
DA:43,0
DA:44,0
DA:45,0
DA:50,0
DA:51,0
DA:52,0
DA:54,0
DA:56,0
DA:59,0
DA:60,0
DA:61,0
DA:62,0
DA:64,0
DA:67,0
DA:68,0
DA:70,0
DA:71,0
DA:72,0
DA:73,0
DA:74,0
DA:75,0
DA:76,0
DA:77,0
DA:78,0
DA:79,0
DA:82,0
DA:88,0
DA:92,0
DA:95,0
DA:96,0
DA:97,0
DA:99,0
DA:109,0
DA:111,0
DA:114,0
DA:115,0
DA:116,0
DA:119,0
DA:122,0
DA:125,0
DA:128,0
DA:131,0
DA:135,0
DA:138,0
DA:141,0
DA:144,0
DA:147,0
DA:148,0
DA:151,0
DA:154,0
DA:157,0
DA:160,0
DA:163,0
DA:166,0
DA:169,0
DA:172,0
DA:175,0
DA:178,0
DA:181,0
DA:184,0
DA:187,0
DA:190,0
DA:193,0
DA:196,0
DA:199,0
DA:202,0
DA:205,0
DA:209,0
DA:221,0
DA:230,0
DA:240,0
DA:251,0
DA:257,0
DA:267,0
DA:280,0
DA:293,0
DA:307,0
DA:319,0
DA:329,0
DA:339,0
DA:349,0
DA:360,0
DA:369,0
DA:378,0
DA:390,0
DA:400,0
DA:409,0
DA:425,0
DA:435,0
DA:446,0
DA:455,0
LF:102
LH:0
BRDA:45,0,0,0
BRDA:45,0,1,0
BRDA:50,1,0,0
BRDA:50,1,1,0
BRDA:51,2,0,0
BRDA:51,2,1,0
BRDA:52,3,0,0
BRDA:52,3,1,0
BRDA:74,4,0,0
BRDA:74,4,1,0
BRDA:74,5,0,0
BRDA:74,5,1,0
BRDA:76,6,0,0
BRDA:76,6,1,0
BRDA:76,7,0,0
BRDA:76,7,1,0
BRDA:78,8,0,0
BRDA:78,8,1,0
BRDA:209,9,0,0
BRDA:209,9,1,0
BRDA:213,10,0,0
BRDA:213,10,1,0
BRDA:213,11,0,0
BRDA:213,11,1,0
BRDA:220,12,0,0
BRDA:220,12,1,0
BRDA:221,13,0,0
BRDA:221,13,1,0
BRDA:224,14,0,0
BRDA:224,14,1,0
BRDA:229,15,0,0
BRDA:229,15,1,0
BRDA:235,16,0,0
BRDA:235,16,1,0
BRDA:239,17,0,0
BRDA:239,17,1,0
BRDA:246,18,0,0
BRDA:246,18,1,0
BRDA:250,19,0,0
BRDA:250,19,1,0
BRDA:261,20,0,0
BRDA:261,20,1,0
BRDA:266,21,0,0
BRDA:266,21,1,0
BRDA:274,22,0,0
BRDA:274,22,1,0
BRDA:279,23,0,0
BRDA:279,23,1,0
BRDA:287,24,0,0
BRDA:287,24,1,0
BRDA:292,25,0,0
BRDA:292,25,1,0
BRDA:301,26,0,0
BRDA:301,26,1,0
BRDA:306,27,0,0
BRDA:306,27,1,0
BRDA:313,28,0,0
BRDA:313,28,1,0
BRDA:318,29,0,0
BRDA:318,29,1,0
BRDA:323,30,0,0
BRDA:323,30,1,0
BRDA:328,31,0,0
BRDA:328,31,1,0
BRDA:333,32,0,0
BRDA:333,32,1,0
BRDA:338,33,0,0
BRDA:338,33,1,0
BRDA:343,34,0,0
BRDA:343,34,1,0
BRDA:348,35,0,0
BRDA:348,35,1,0
BRDA:355,36,0,0
BRDA:355,36,1,0
BRDA:359,37,0,0
BRDA:359,37,1,0
BRDA:368,38,0,0
BRDA:368,38,1,0
BRDA:377,39,0,0
BRDA:377,39,1,0
BRDA:384,40,0,0
BRDA:384,40,1,0
BRDA:389,41,0,0
BRDA:389,41,1,0
BRDA:394,42,0,0
BRDA:394,42,1,0
BRDA:399,43,0,0
BRDA:399,43,1,0
BRDA:404,44,0,0
BRDA:404,44,1,0
BRDA:408,45,0,0
BRDA:408,45,1,0
BRDA:413,46,0,0
BRDA:413,46,1,0
BRDA:419,47,0,0
BRDA:419,47,1,0
BRDA:424,48,0,0
BRDA:424,48,1,0
BRDA:429,49,0,0
BRDA:429,49,1,0
BRDA:434,50,0,0
BRDA:434,50,1,0
BRDA:440,51,0,0
BRDA:440,51,1,0
BRDA:445,52,0,0
BRDA:445,52,1,0
BRDA:446,53,0,0
BRDA:446,53,1,0
BRDA:451,54,0,0
BRDA:451,54,1,0
BRF:110
BRH:0
end_of_record
TN:
SF:resources\js\components\blog\Mostrar.vue
FN:13,(anonymous_0)
FN:32,(anonymous_1)
FN:43,(anonymous_2)
FN:48,(anonymous_3)
FN:52,(anonymous_4)
FN:53,(anonymous_5)
FN:59,(anonymous_6)
FN:74,(anonymous_7)
FN:89,(anonymous_8)
FN:97,(anonymous_9)
FN:107,(anonymous_10)
FN:117,(anonymous_11)
FN:121,(anonymous_12)
FN:133,(anonymous_13)
FN:140,(anonymous_14)
FN:178,(anonymous_15)
FN:181,(anonymous_16)
FN:186,(anonymous_17)
FN:195,(anonymous_18)
FN:207,(anonymous_19)
FN:227,(anonymous_20)
FN:230,(anonymous_21)
FN:234,(anonymous_22)
FN:236,(anonymous_23)
FN:242,(anonymous_24)
FN:242,(anonymous_25)
FN:246,(anonymous_26)
FN:252,(anonymous_27)
FN:290,(anonymous_28)
FN:293,(anonymous_29)
FN:296,(anonymous_30)
FN:299,(anonymous_31)
FN:302,(anonymous_32)
FN:305,(anonymous_33)
FN:421,render
FN:431,(anonymous_35)
FN:441,(anonymous_36)
FN:447,(anonymous_37)
FN:453,(anonymous_38)
FN:460,(anonymous_39)
FN:498,(anonymous_40)
FN:512,(anonymous_41)
FN:523,(anonymous_42)
FN:534,(anonymous_43)
FN:544,(anonymous_44)
FNF:45
FNH:0
FNDA:0,(anonymous_0)
FNDA:0,(anonymous_1)
FNDA:0,(anonymous_2)
FNDA:0,(anonymous_3)
FNDA:0,(anonymous_4)
FNDA:0,(anonymous_5)
FNDA:0,(anonymous_6)
FNDA:0,(anonymous_7)
FNDA:0,(anonymous_8)
FNDA:0,(anonymous_9)
FNDA:0,(anonymous_10)
FNDA:0,(anonymous_11)
FNDA:0,(anonymous_12)
FNDA:0,(anonymous_13)
FNDA:0,(anonymous_14)
FNDA:0,(anonymous_15)
FNDA:0,(anonymous_16)
FNDA:0,(anonymous_17)
FNDA:0,(anonymous_18)
FNDA:0,(anonymous_19)
FNDA:0,(anonymous_20)
FNDA:0,(anonymous_21)
FNDA:0,(anonymous_22)
FNDA:0,(anonymous_23)
FNDA:0,(anonymous_24)
FNDA:0,(anonymous_25)
FNDA:0,(anonymous_26)
FNDA:0,(anonymous_27)
FNDA:0,(anonymous_28)
FNDA:0,(anonymous_29)
FNDA:0,(anonymous_30)
FNDA:0,(anonymous_31)
FNDA:0,(anonymous_32)
FNDA:0,(anonymous_33)
FNDA:0,render
FNDA:0,(anonymous_35)
FNDA:0,(anonymous_36)
FNDA:0,(anonymous_37)
FNDA:0,(anonymous_38)
FNDA:0,(anonymous_39)
FNDA:0,(anonymous_40)
FNDA:0,(anonymous_41)
FNDA:0,(anonymous_42)
FNDA:0,(anonymous_43)
FNDA:0,(anonymous_44)
DA:16,0
DA:17,0
DA:18,0
DA:19,0
DA:20,0
DA:21,0
DA:22,0
DA:23,0
DA:24,0
DA:30,0
DA:31,0
DA:32,0
DA:33,0
DA:36,0
DA:37,0
DA:41,0
DA:43,0
DA:44,0
DA:45,0
DA:46,0
DA:48,0
DA:49,0
DA:50,0
DA:52,0
DA:53,0
DA:54,0
DA:55,0
DA:56,0
DA:58,0
DA:59,0
DA:60,0
DA:61,0
DA:62,0
DA:63,0
DA:64,0
DA:65,0
DA:66,0
DA:67,0
DA:69,0
DA:72,0
DA:74,0
DA:75,0
DA:76,0
DA:77,0
DA:78,0
DA:79,0
DA:80,0
DA:81,0
DA:83,0
DA:85,0
DA:86,0
DA:89,0
DA:90,0
DA:91,0
DA:92,0
DA:94,0
DA:97,0
DA:98,0
DA:99,0
DA:100,0
DA:101,0
DA:103,0
DA:107,0
DA:108,0
DA:109,0
DA:110,0
DA:112,0
DA:113,0
DA:114,0
DA:115,0
DA:117,0
DA:118,0
DA:119,0
DA:121,0
DA:122,0
DA:133,0
DA:140,0
DA:178,0
DA:179,0
DA:180,0
DA:181,0
DA:182,0
DA:186,0
DA:187,0
DA:188,0
DA:189,0
DA:195,0
DA:196,0
DA:197,0
DA:202,0
DA:203,0
DA:204,0
DA:207,0
DA:208,0
DA:209,0
DA:215,0
DA:221,0
DA:223,0
DA:224,0
DA:227,0
DA:228,0
DA:229,0
DA:230,0
DA:231,0
DA:234,0
DA:235,0
DA:236,0
DA:237,0
DA:238,0
DA:242,0
DA:243,0
DA:244,0
DA:246,0
DA:247,0
DA:252,0
DA:253,0
DA:254,0
DA:258,0
DA:259,0
DA:260,0
DA:291,0
DA:294,0
DA:297,0
DA:300,0
DA:303,0
DA:306,0
DA:309,0
DA:313,0
DA:318,0
DA:321,0
DA:322,0
DA:323,0
DA:326,0
DA:329,0
DA:332,0
DA:335,0
DA:338,0
DA:341,0
DA:344,0
DA:347,0
DA:350,0
DA:351,0
DA:354,0
DA:361,0
DA:364,0
DA:367,0
DA:370,0
DA:373,0
DA:376,0
DA:379,0
DA:380,0
DA:381,0
DA:384,0
DA:388,0
DA:389,0
DA:393,0
DA:397,0
DA:400,0
DA:403,0
DA:406,0
DA:409,0
DA:412,0
DA:415,0
DA:418,0
DA:422,0
DA:423,0
DA:432,0
DA:442,0
DA:448,0
DA:454,0
DA:461,0
DA:499,0
DA:513,0
DA:524,0
DA:535,0
DA:545,0
DA:561,0
LF:177
LH:0
BRDA:33,0,0,0
BRDA:33,0,1,0
BRDA:36,1,0,0
BRDA:36,1,1,0
BRDA:54,2,0,0
BRDA:54,2,1,0
BRDA:55,3,0,0
BRDA:55,3,1,0
BRDA:56,4,0,0
BRDA:56,4,1,0
BRDA:58,5,0,0
BRDA:58,5,1,0
BRDA:60,6,0,0
BRDA:60,6,1,0
BRDA:62,7,0,0
BRDA:62,7,1,0
BRDA:64,8,0,0
BRDA:64,8,1,0
BRDA:65,9,0,0
BRDA:65,9,1,0
BRDA:65,10,0,0
BRDA:65,10,1,0
BRDA:66,11,0,0
BRDA:66,11,1,0
BRDA:80,12,0,0
BRDA:80,12,1,0
BRDA:98,13,0,0
BRDA:98,13,1,0
BRDA:109,14,0,0
BRDA:109,14,1,0
BRDA:180,15,0,0
BRDA:180,15,1,0
BRDA:182,16,0,0
BRDA:182,16,1,0
BRDA:188,17,0,0
BRDA:188,17,1,0
BRDA:188,18,0,0
BRDA:188,18,1,0
BRDA:208,19,0,0
BRDA:208,19,1,0
BRDA:229,20,0,0
BRDA:229,20,1,0
BRDA:229,21,0,0
BRDA:229,21,1,0
BRDA:235,22,0,0
BRDA:235,22,1,0
BRDA:243,23,0,0
BRDA:243,23,1,0
BRDA:423,24,0,0
BRDA:423,24,1,0
BRDA:432,25,0,0
BRDA:432,25,1,0
BRDA:441,26,0,0
BRDA:441,26,1,0
BRDA:447,27,0,0
BRDA:447,27,1,0
BRDA:451,28,0,0
BRDA:451,28,1,0
BRDA:460,29,0,0
BRDA:460,29,1,0
BRDA:464,30,0,0
BRDA:464,30,1,0
BRDA:464,31,0,0
BRDA:464,31,1,0
BRDA:471,32,0,0
BRDA:471,32,1,0
BRDA:481,33,0,0
BRDA:481,33,1,0
BRDA:481,34,0,0
BRDA:481,34,1,0
BRDA:481,35,0,0
BRDA:481,35,1,0
BRDA:481,36,0,0
BRDA:481,36,1,0
BRDA:481,37,0,0
BRDA:481,37,1,0
BRDA:481,38,0,0
BRDA:481,38,1,0
BRDA:481,39,0,0
BRDA:481,39,1,0
BRDA:481,40,0,0
BRDA:481,40,1,0
BRDA:481,41,0,0
BRDA:481,41,1,0
BRDA:481,42,0,0
BRDA:481,42,1,0
BRDA:481,43,0,0
BRDA:481,43,1,0
BRDA:481,44,0,0
BRDA:481,44,1,0
BRDA:481,45,0,0
BRDA:481,45,1,0
BRDA:481,46,0,0
BRDA:481,46,1,0
BRDA:481,47,0,0
BRDA:481,47,1,0
BRDA:481,48,0,0
BRDA:481,48,1,0
BRDA:481,49,0,0
BRDA:481,49,1,0
BRDA:481,50,0,0
BRDA:481,50,1,0
BRDA:481,51,0,0
BRDA:481,51,1,0
BRDA:481,52,0,0
BRDA:481,52,1,0
BRDA:481,53,0,0
BRDA:481,53,1,0
BRDA:481,54,0,0
BRDA:481,54,1,0
BRDA:483,55,0,0
BRDA:483,55,1,0
BRDA:485,56,0,0
BRDA:485,56,1,0
BRDA:485,57,0,0
BRDA:485,57,1,0
BRDA:491,58,0,0
BRDA:491,58,1,0
BRDA:491,59,0,0
BRDA:491,59,1,0
BRDA:491,60,0,0
BRDA:491,60,1,0
BRDA:496,61,0,0
BRDA:496,61,1,0
BRDA:496,62,0,0
BRDA:496,62,1,0
BRDA:498,63,0,0
BRDA:498,63,1,0
BRDA:498,64,0,0
BRDA:498,64,1,0
BRDA:503,65,0,0
BRDA:503,65,1,0
BRDA:506,66,0,0
BRDA:506,66,1,0
BRDA:508,67,0,0
BRDA:508,67,1,0
BRDA:512,68,0,0
BRDA:512,68,1,0
BRDA:519,69,0,0
BRDA:519,69,1,0
BRDA:523,70,0,0
BRDA:523,70,1,0
BRDA:530,71,0,0
BRDA:530,71,1,0
BRDA:534,72,0,0
BRDA:534,72,1,0
BRDA:540,73,0,0
BRDA:540,73,1,0
BRDA:540,74,0,0
BRDA:540,74,1,0
BRDA:544,75,0,0
BRDA:544,75,1,0
BRDA:551,76,0,0
BRDA:551,76,1,0
BRDA:554,77,0,0
BRDA:554,77,1,0
BRF:156
BRH:0
end_of_record
